-- The C compiler identification is GNU 13.3.0
-- The CXX compiler identification is GNU 13.3.0
-- Detecting C compiler ABI info
-- Detecting C compiler ABI info - done
-- Check for working C compiler: /usr/bin/cc - skipped
-- Detecting C compile features
-- Detecting C compile features - done
-- Detecting CXX compiler ABI info
-- Detecting CXX compiler ABI info - done
-- Check for working CXX compiler: /usr/bin/c++ - skipped
-- Detecting CXX compile features
-- Detecting CXX compile features - done
-- Found ament_cmake_auto: 2.7.3 (/opt/ros/kilted/share/ament_cmake_auto/cmake)
-- Found Python3: /usr/bin/python3 (found version "3.12.3") found components: Interpreter 
-- Found rosidl_generator_c: 4.9.5 (/opt/ros/kilted/share/rosidl_generator_c/cmake)
-- Found rosidl_generator_cpp: 4.9.5 (/opt/ros/kilted/share/rosidl_generator_cpp/cmake)
-- Using all available rosidl_typesupport_c: rosidl_typesupport_fastrtps_c;rosidl_typesupport_introspection_c
-- Using all available rosidl_typesupport_cpp: rosidl_typesupport_fastrtps_cpp;rosidl_typesupport_introspection_cpp
-- Found rmw_implementation_cmake: 7.8.2 (/opt/ros/kilted/share/rmw_implementation_cmake/cmake)
-- Found rmw_fastrtps_cpp: 9.3.3 (/opt/ros/kilted/share/rmw_fastrtps_cpp/cmake)
-- Found OpenSSL: /usr/lib/aarch64-linux-gnu/libcrypto.so (found version "3.0.13")  
-- Using RMW implementation 'rmw_fastrtps_cpp' as default
-- Found asio_cmake_module: 1.2.0 (/opt/ros/kilted/share/asio_cmake_module/cmake)
-- Found ASIO: /usr/include  
-- Performing Test CMAKE_HAVE_LIBC_PTHREAD
-- Performing Test CMAKE_HAVE_LIBC_PTHREAD - Success
-- Found Threads: TRUE  
-- Found ament_lint_auto: 0.19.2 (/opt/ros/kilted/share/ament_lint_auto/cmake)
-- Added test 'copyright' to check source files copyright and LICENSE
-- Added test 'cppcheck' to perform static code analysis on C / C++ code
-- Configured cppcheck include dirs: /home/pi/Ros2_ackermann_robot/src/vesc/vesc_driver/include
-- Configured cppcheck exclude dirs and/or files: 
-- Added test 'cpplint' to check C / C++ code against the Google style
-- Configured cpplint exclude dirs and/or files: 
-- Added test 'flake8' to check Python code syntax and style conventions
-- Configured 'flake8' exclude dirs and/or files: 
-- Added test 'lint_cmake' to check CMake code style
-- Added test 'pep257' to check Python code against some of the docstring style conventions in PEP 257
-- Added test 'uncrustify' to check C / C++ code style
-- Configured uncrustify additional arguments: 
-- Added test 'xmllint' to check XML markup files
-- Configuring done (4.1s)
-- Generating done (0.1s)
-- Build files have been written to: /home/pi/Ros2_ackermann_robot/build/vesc_driver
[ 10%] [32mBuilding CXX object CMakeFiles/vesc_driver_node.dir/rclcpp_components/node_main_vesc_driver_node.cpp.o[0m
[ 20%] [32mBuilding CXX object CMakeFiles/vesc_driver.dir/src/vesc_interface.cpp.o[0m
[ 30%] [32mBuilding CXX object CMakeFiles/vesc_driver.dir/src/vesc_driver.cpp.o[0m
[ 40%] [32mBuilding CXX object CMakeFiles/vesc_driver.dir/src/vesc_packet.cpp.o[0m
[ 50%] [32mBuilding CXX object CMakeFiles/vesc_driver.dir/src/vesc_packet_factory.cpp.o[0m
[ 60%] [32m[1mLinking CXX executable vesc_driver_node[0m
[ 60%] Built target vesc_driver_node
[ 70%] [32m[1mLinking CXX shared library libvesc_driver.so[0m
[ 70%] Built target vesc_driver
[ 90%] [32mBuilding CXX object CMakeFiles/vesc_device_namer.dir/src/vesc_device_uuid_lookup.cpp.o[0m
[ 90%] [32mBuilding CXX object CMakeFiles/vesc_device_namer.dir/src/vesc_device_namer.cpp.o[0m
[100%] [32m[1mLinking CXX executable vesc_device_namer[0m
[100%] Built target vesc_device_namer
-- Install configuration: ""
-- Installing: /home/pi/Ros2_ackermann_robot/install/vesc_driver/lib/vesc_driver/vesc_driver_node
-- Set non-toolchain portion of runtime path of "/home/pi/Ros2_ackermann_robot/install/vesc_driver/lib/vesc_driver/vesc_driver_node" to ""
-- Installing: /home/pi/Ros2_ackermann_robot/install/vesc_driver/include/vesc_driver
-- Installing: /home/pi/Ros2_ackermann_robot/install/vesc_driver/include/vesc_driver/vesc_driver
-- Installing: /home/pi/Ros2_ackermann_robot/install/vesc_driver/include/vesc_driver/vesc_driver/vesc_device_uuid_lookup.hpp
-- Installing: /home/pi/Ros2_ackermann_robot/install/vesc_driver/include/vesc_driver/vesc_driver/crc.hpp
-- Installing: /home/pi/Ros2_ackermann_robot/install/vesc_driver/include/vesc_driver/vesc_driver/vesc_packet_factory.hpp
-- Installing: /home/pi/Ros2_ackermann_robot/install/vesc_driver/include/vesc_driver/vesc_driver/vesc_interface.hpp
-- Installing: /home/pi/Ros2_ackermann_robot/install/vesc_driver/include/vesc_driver/vesc_driver/datatypes.hpp
-- Installing: /home/pi/Ros2_ackermann_robot/install/vesc_driver/include/vesc_driver/vesc_driver/vesc_packet.hpp
-- Installing: /home/pi/Ros2_ackermann_robot/install/vesc_driver/include/vesc_driver/vesc_driver/vesc_driver.hpp
-- Installing: /home/pi/Ros2_ackermann_robot/install/vesc_driver/share/vesc_driver/environment/library_path.sh
-- Installing: /home/pi/Ros2_ackermann_robot/install/vesc_driver/share/vesc_driver/environment/library_path.dsv
-- Installing: /home/pi/Ros2_ackermann_robot/install/vesc_driver/lib/libvesc_driver.so
-- Set non-toolchain portion of runtime path of "/home/pi/Ros2_ackermann_robot/install/vesc_driver/lib/libvesc_driver.so" to ""
-- Installing: /home/pi/Ros2_ackermann_robot/install/vesc_driver/lib/vesc_driver/vesc_device_namer
-- Set non-toolchain portion of runtime path of "/home/pi/Ros2_ackermann_robot/install/vesc_driver/lib/vesc_driver/vesc_device_namer" to ""
-- Installing: /home/pi/Ros2_ackermann_robot/install/vesc_driver/share/vesc_driver/launch
-- Installing: /home/pi/Ros2_ackermann_robot/install/vesc_driver/share/vesc_driver/launch/vesc_driver_node.launch.py
-- Installing: /home/pi/Ros2_ackermann_robot/install/vesc_driver/share/vesc_driver/params
-- Installing: /home/pi/Ros2_ackermann_robot/install/vesc_driver/share/vesc_driver/params/vesc_config.yaml
-- Installing: /home/pi/Ros2_ackermann_robot/install/vesc_driver/share/ament_index/resource_index/package_run_dependencies/vesc_driver
-- Installing: /home/pi/Ros2_ackermann_robot/install/vesc_driver/share/ament_index/resource_index/parent_prefix_path/vesc_driver
-- Installing: /home/pi/Ros2_ackermann_robot/install/vesc_driver/share/vesc_driver/environment/ament_prefix_path.sh
-- Installing: /home/pi/Ros2_ackermann_robot/install/vesc_driver/share/vesc_driver/environment/ament_prefix_path.dsv
-- Installing: /home/pi/Ros2_ackermann_robot/install/vesc_driver/share/vesc_driver/environment/path.sh
-- Installing: /home/pi/Ros2_ackermann_robot/install/vesc_driver/share/vesc_driver/environment/path.dsv
-- Installing: /home/pi/Ros2_ackermann_robot/install/vesc_driver/share/vesc_driver/local_setup.bash
-- Installing: /home/pi/Ros2_ackermann_robot/install/vesc_driver/share/vesc_driver/local_setup.sh
-- Installing: /home/pi/Ros2_ackermann_robot/install/vesc_driver/share/vesc_driver/local_setup.zsh
-- Installing: /home/pi/Ros2_ackermann_robot/install/vesc_driver/share/vesc_driver/local_setup.dsv
-- Installing: /home/pi/Ros2_ackermann_robot/install/vesc_driver/share/vesc_driver/package.dsv
-- Installing: /home/pi/Ros2_ackermann_robot/install/vesc_driver/share/ament_index/resource_index/packages/vesc_driver
-- Installing: /home/pi/Ros2_ackermann_robot/install/vesc_driver/share/ament_index/resource_index/rclcpp_components/vesc_driver
-- Installing: /home/pi/Ros2_ackermann_robot/install/vesc_driver/share/vesc_driver/cmake/ament_cmake_export_dependencies-extras.cmake
-- Installing: /home/pi/Ros2_ackermann_robot/install/vesc_driver/share/vesc_driver/cmake/ament_cmake_export_include_directories-extras.cmake
-- Installing: /home/pi/Ros2_ackermann_robot/install/vesc_driver/share/vesc_driver/cmake/ament_cmake_export_libraries-extras.cmake
-- Installing: /home/pi/Ros2_ackermann_robot/install/vesc_driver/share/vesc_driver/cmake/vesc_driverConfig.cmake
-- Installing: /home/pi/Ros2_ackermann_robot/install/vesc_driver/share/vesc_driver/cmake/vesc_driverConfig-version.cmake
-- Installing: /home/pi/Ros2_ackermann_robot/install/vesc_driver/share/vesc_driver/package.xml
