[0.039s] Invoking command in '/home/pi/Ros2_ackermann_robot/build/ackermann_description': CMAKE_PREFIX_PATH=${CMAKE_PREFIX_PATH}:/home/pi/Ros2_ackermann_robot/install/ackermann_hardware:/home/pi/Ros2_ackermann_robot/install/ackermann_teleop:/home/pi/ros2_ws/install/drive:/home/pi/ros2_ws/install/ackermann_vesc_adapter:/home/pi/ros2_ws/install/ackermann_teleop:/opt/ros/kilted DEBUGINFOD_URLS=https://debuginfod.ubuntu.com /usr/bin/cmake /home/pi/Ros2_ackermann_robot/src/ackermann_description -DCMAKE_INSTALL_PREFIX=/home/pi/Ros2_ackermann_robot/install/ackermann_description
[0.220s] -- The C compiler identification is GNU 13.3.0
[0.429s] -- The CXX compiler identification is GNU 13.3.0
[0.477s] -- Detecting C compiler ABI info
[0.835s] -- Detecting C compiler ABI info - done
[0.852s] -- Check for working C compiler: /usr/bin/cc - skipped
[0.853s] -- Detecting C compile features
[0.857s] -- Detecting C compile features - done
[0.875s] -- Detecting CXX compiler ABI info
[1.253s] -- Detecting CXX compiler ABI info - done
[1.275s] -- Check for working CXX compiler: /usr/bin/c++ - skipped
[1.275s] -- Detecting CXX compile features
[1.277s] -- Detecting CXX compile features - done
[1.289s] -- Found ament_cmake: 2.7.3 (/opt/ros/kilted/share/ament_cmake/cmake)
[1.878s] -- Found Python3: /usr/bin/python3 (found version "3.12.3") found components: Interpreter 
[2.185s] -- Found ament_lint_auto: 0.19.2 (/opt/ros/kilted/share/ament_lint_auto/cmake)
[2.505s] -- Added test 'lint_cmake' to check CMake code style
[2.506s] -- Added test 'xmllint' to check XML markup files
[2.511s] -- Configuring done (2.5s)
[2.518s] -- Generating done (0.0s)
[2.521s] -- Build files have been written to: /home/pi/Ros2_ackermann_robot/build/ackermann_description
[2.533s] Invoked command in '/home/pi/Ros2_ackermann_robot/build/ackermann_description' returned '0': CMAKE_PREFIX_PATH=${CMAKE_PREFIX_PATH}:/home/pi/Ros2_ackermann_robot/install/ackermann_hardware:/home/pi/Ros2_ackermann_robot/install/ackermann_teleop:/home/pi/ros2_ws/install/drive:/home/pi/ros2_ws/install/ackermann_vesc_adapter:/home/pi/ros2_ws/install/ackermann_teleop:/opt/ros/kilted DEBUGINFOD_URLS=https://debuginfod.ubuntu.com /usr/bin/cmake /home/pi/Ros2_ackermann_robot/src/ackermann_description -DCMAKE_INSTALL_PREFIX=/home/pi/Ros2_ackermann_robot/install/ackermann_description
[2.536s] Invoking command in '/home/pi/Ros2_ackermann_robot/build/ackermann_description': CMAKE_PREFIX_PATH=${CMAKE_PREFIX_PATH}:/home/pi/Ros2_ackermann_robot/install/ackermann_hardware:/home/pi/Ros2_ackermann_robot/install/ackermann_teleop:/home/pi/ros2_ws/install/drive:/home/pi/ros2_ws/install/ackermann_vesc_adapter:/home/pi/ros2_ws/install/ackermann_teleop:/opt/ros/kilted DEBUGINFOD_URLS=https://debuginfod.ubuntu.com /usr/bin/cmake --build /home/pi/Ros2_ackermann_robot/build/ackermann_description -- -j4 -l4
[2.643s] Invoked command in '/home/pi/Ros2_ackermann_robot/build/ackermann_description' returned '0': CMAKE_PREFIX_PATH=${CMAKE_PREFIX_PATH}:/home/pi/Ros2_ackermann_robot/install/ackermann_hardware:/home/pi/Ros2_ackermann_robot/install/ackermann_teleop:/home/pi/ros2_ws/install/drive:/home/pi/ros2_ws/install/ackermann_vesc_adapter:/home/pi/ros2_ws/install/ackermann_teleop:/opt/ros/kilted DEBUGINFOD_URLS=https://debuginfod.ubuntu.com /usr/bin/cmake --build /home/pi/Ros2_ackermann_robot/build/ackermann_description -- -j4 -l4
[2.669s] Invoking command in '/home/pi/Ros2_ackermann_robot/build/ackermann_description': CMAKE_PREFIX_PATH=${CMAKE_PREFIX_PATH}:/home/pi/Ros2_ackermann_robot/install/ackermann_hardware:/home/pi/Ros2_ackermann_robot/install/ackermann_teleop:/home/pi/ros2_ws/install/drive:/home/pi/ros2_ws/install/ackermann_vesc_adapter:/home/pi/ros2_ws/install/ackermann_teleop:/opt/ros/kilted DEBUGINFOD_URLS=https://debuginfod.ubuntu.com /usr/bin/cmake --install /home/pi/Ros2_ackermann_robot/build/ackermann_description
[2.689s] -- Install configuration: ""
[2.690s] -- Installing: /home/pi/Ros2_ackermann_robot/install/ackermann_description/share/ackermann_description/urdf
[2.691s] -- Installing: /home/pi/Ros2_ackermann_robot/install/ackermann_description/share/ackermann_description/urdf/robot.xacro
[2.692s] -- Installing: /home/pi/Ros2_ackermann_robot/install/ackermann_description/share/ackermann_description/urdf/gz_ackermann_core.xacro
[2.692s] -- Installing: /home/pi/Ros2_ackermann_robot/install/ackermann_description/share/ackermann_description/urdf/vehicle.urdf.xacro
[2.693s] -- Installing: /home/pi/Ros2_ackermann_robot/install/ackermann_description/share/ament_index/resource_index/package_run_dependencies/ackermann_description
[2.694s] -- Installing: /home/pi/Ros2_ackermann_robot/install/ackermann_description/share/ament_index/resource_index/parent_prefix_path/ackermann_description
[2.695s] -- Installing: /home/pi/Ros2_ackermann_robot/install/ackermann_description/share/ackermann_description/environment/ament_prefix_path.sh
[2.695s] -- Installing: /home/pi/Ros2_ackermann_robot/install/ackermann_description/share/ackermann_description/environment/ament_prefix_path.dsv
[2.695s] -- Installing: /home/pi/Ros2_ackermann_robot/install/ackermann_description/share/ackermann_description/environment/path.sh
[2.696s] -- Installing: /home/pi/Ros2_ackermann_robot/install/ackermann_description/share/ackermann_description/environment/path.dsv
[2.697s] -- Installing: /home/pi/Ros2_ackermann_robot/install/ackermann_description/share/ackermann_description/local_setup.bash
[2.697s] -- Installing: /home/pi/Ros2_ackermann_robot/install/ackermann_description/share/ackermann_description/local_setup.sh
[2.697s] -- Installing: /home/pi/Ros2_ackermann_robot/install/ackermann_description/share/ackermann_description/local_setup.zsh
[2.698s] -- Installing: /home/pi/Ros2_ackermann_robot/install/ackermann_description/share/ackermann_description/local_setup.dsv
[2.698s] -- Installing: /home/pi/Ros2_ackermann_robot/install/ackermann_description/share/ackermann_description/package.dsv
[2.699s] -- Installing: /home/pi/Ros2_ackermann_robot/install/ackermann_description/share/ament_index/resource_index/packages/ackermann_description
[2.699s] -- Installing: /home/pi/Ros2_ackermann_robot/install/ackermann_description/share/ackermann_description/cmake/ackermann_descriptionConfig.cmake
[2.700s] -- Installing: /home/pi/Ros2_ackermann_robot/install/ackermann_description/share/ackermann_description/cmake/ackermann_descriptionConfig-version.cmake
[2.703s] -- Installing: /home/pi/Ros2_ackermann_robot/install/ackermann_description/share/ackermann_description/package.xml
[2.707s] Invoked command in '/home/pi/Ros2_ackermann_robot/build/ackermann_description' returned '0': CMAKE_PREFIX_PATH=${CMAKE_PREFIX_PATH}:/home/pi/Ros2_ackermann_robot/install/ackermann_hardware:/home/pi/Ros2_ackermann_robot/install/ackermann_teleop:/home/pi/ros2_ws/install/drive:/home/pi/ros2_ws/install/ackermann_vesc_adapter:/home/pi/ros2_ws/install/ackermann_teleop:/opt/ros/kilted DEBUGINFOD_URLS=https://debuginfod.ubuntu.com /usr/bin/cmake --install /home/pi/Ros2_ackermann_robot/build/ackermann_description
