running egg_info
creating ../../build/ackermann_hardware/ackermann_hardware.egg-info
writing ../../build/ackermann_hardware/ackermann_hardware.egg-info/PKG-INFO
writing dependency_links to ../../build/ackermann_hardware/ackermann_hardware.egg-info/dependency_links.txt
writing entry points to ../../build/ackermann_hardware/ackermann_hardware.egg-info/entry_points.txt
writing requirements to ../../build/ackermann_hardware/ackermann_hardware.egg-info/requires.txt
writing top-level names to ../../build/ackermann_hardware/ackermann_hardware.egg-info/top_level.txt
writing manifest file '../../build/ackermann_hardware/ackermann_hardware.egg-info/SOURCES.txt'
reading manifest file '../../build/ackermann_hardware/ackermann_hardware.egg-info/SOURCES.txt'
writing manifest file '../../build/ackermann_hardware/ackermann_hardware.egg-info/SOURCES.txt'
running build
running build_py
creating /home/pi/Ros2_ackermann_robot/build/ackermann_hardware/build
creating /home/pi/Ros2_ackermann_robot/build/ackermann_hardware/build/lib
creating /home/pi/Ros2_ackermann_robot/build/ackermann_hardware/build/lib/ackermann_hardware
copying ackermann_hardware/__init__.py -> /home/pi/Ros2_ackermann_robot/build/ackermann_hardware/build/lib/ackermann_hardware
copying ackermann_hardware/joint_states.py -> /home/pi/Ros2_ackermann_robot/build/ackermann_hardware/build/lib/ackermann_hardware
copying ackermann_hardware/ackermann_to_vesc.py -> /home/pi/Ros2_ackermann_robot/build/ackermann_hardware/build/lib/ackermann_hardware
running install
running install_lib
creating /home/pi/Ros2_ackermann_robot/install/ackermann_hardware/lib/python3.12/site-packages/ackermann_hardware
copying /home/pi/Ros2_ackermann_robot/build/ackermann_hardware/build/lib/ackermann_hardware/__init__.py -> /home/pi/Ros2_ackermann_robot/install/ackermann_hardware/lib/python3.12/site-packages/ackermann_hardware
copying /home/pi/Ros2_ackermann_robot/build/ackermann_hardware/build/lib/ackermann_hardware/joint_states.py -> /home/pi/Ros2_ackermann_robot/install/ackermann_hardware/lib/python3.12/site-packages/ackermann_hardware
copying /home/pi/Ros2_ackermann_robot/build/ackermann_hardware/build/lib/ackermann_hardware/ackermann_to_vesc.py -> /home/pi/Ros2_ackermann_robot/install/ackermann_hardware/lib/python3.12/site-packages/ackermann_hardware
byte-compiling /home/pi/Ros2_ackermann_robot/install/ackermann_hardware/lib/python3.12/site-packages/ackermann_hardware/__init__.py to __init__.cpython-312.pyc
byte-compiling /home/pi/Ros2_ackermann_robot/install/ackermann_hardware/lib/python3.12/site-packages/ackermann_hardware/joint_states.py to joint_states.cpython-312.pyc
byte-compiling /home/pi/Ros2_ackermann_robot/install/ackermann_hardware/lib/python3.12/site-packages/ackermann_hardware/ackermann_to_vesc.py to ackermann_to_vesc.cpython-312.pyc
running install_data
creating /home/pi/Ros2_ackermann_robot/install/ackermann_hardware/share/ament_index
creating /home/pi/Ros2_ackermann_robot/install/ackermann_hardware/share/ament_index/resource_index
creating /home/pi/Ros2_ackermann_robot/install/ackermann_hardware/share/ament_index/resource_index/packages
copying resource/ackermann_hardware -> /home/pi/Ros2_ackermann_robot/install/ackermann_hardware/share/ament_index/resource_index/packages
copying package.xml -> /home/pi/Ros2_ackermann_robot/install/ackermann_hardware/share/ackermann_hardware
creating /home/pi/Ros2_ackermann_robot/install/ackermann_hardware/share/ackermann_hardware/launch
running install_egg_info
Copying ../../build/ackermann_hardware/ackermann_hardware.egg-info to /home/pi/Ros2_ackermann_robot/install/ackermann_hardware/lib/python3.12/site-packages/ackermann_hardware-0.0.0-py3.12.egg-info
running install_scripts
Installing ackermann_to_vesc script to /home/pi/Ros2_ackermann_robot/install/ackermann_hardware/lib/ackermann_hardware
Installing joint_states script to /home/pi/Ros2_ackermann_robot/install/ackermann_hardware/lib/ackermann_hardware
writing list of installed files to '/home/pi/Ros2_ackermann_robot/build/ackermann_hardware/install.log'
