[0.050s] Invoking command in '/home/pi/Ros2_ackermann_robot/build/vesc_msgs': CMAKE_PREFIX_PATH=${CMAKE_PREFIX_PATH}:/home/pi/Ros2_ackermann_robot/install/ackermann_hardware:/home/pi/Ros2_ackermann_robot/install/ackermann_teleop:/home/pi/ros2_ws/install/drive:/home/pi/ros2_ws/install/ackermann_vesc_adapter:/home/pi/ros2_ws/install/ackermann_teleop:/opt/ros/kilted DEBUGINFOD_URLS=https://debuginfod.ubuntu.com /usr/bin/cmake /home/pi/Ros2_ackermann_robot/src/vesc/vesc_msgs -DCMAKE_INSTALL_PREFIX=/home/pi/Ros2_ackermann_robot/install/vesc_msgs
[0.260s] -- The C compiler identification is GNU 13.3.0
[0.482s] -- The CXX compiler identification is GNU 13.3.0
[0.547s] -- Detecting C compiler ABI info
[0.931s] -- Detecting C compiler ABI info - done
[0.957s] -- Check for working C compiler: /usr/bin/cc - skipped
[0.958s] -- Detecting C compile features
[0.959s] -- Detecting C compile features - done
[0.981s] -- Detecting CXX compiler ABI info
[1.291s] -- Detecting CXX compiler ABI info - done
[1.312s] -- Check for working CXX compiler: /usr/bin/c++ - skipped
[1.312s] -- Detecting CXX compile features
[1.314s] -- Detecting CXX compile features - done
[1.335s] -- Found ament_cmake_auto: 2.7.3 (/opt/ros/kilted/share/ament_cmake_auto/cmake)
[1.781s] -- Found Python3: /usr/bin/python3 (found version "3.12.3") found components: Interpreter 
[2.385s] -- Using all available rosidl_typesupport_c: rosidl_typesupport_fastrtps_c;rosidl_typesupport_introspection_c
[2.549s] -- Using all available rosidl_typesupport_cpp: rosidl_typesupport_fastrtps_cpp;rosidl_typesupport_introspection_cpp
[2.674s] -- Found rosidl_adapter: 4.9.5 (/opt/ros/kilted/share/rosidl_adapter/cmake)
[4.169s] -- Found ament_cmake_ros_core: 0.14.3 (/opt/ros/kilted/share/ament_cmake_ros_core/cmake)
[5.118s] -- Using all available rosidl_typesupport_c: rosidl_typesupport_fastrtps_c;rosidl_typesupport_introspection_c
[6.338s] -- Using all available rosidl_typesupport_cpp: rosidl_typesupport_fastrtps_cpp;rosidl_typesupport_introspection_cpp
[7.126s] -- Found Python3: /usr/bin/python3 (found version "3.12.3") found components: Interpreter Development NumPy Development.Module Development.Embed 
[7.230s] -- Found ament_lint_auto: 0.19.2 (/opt/ros/kilted/share/ament_lint_auto/cmake)
[7.300s] -- Added test 'copyright' to check source files copyright and LICENSE
[7.303s] -- Added test 'lint_cmake' to check CMake code style
[7.305s] -- Added test 'xmllint' to check XML markup files
[7.311s] -- Configuring done (7.2s)
[7.382s] -- Generating done (0.1s)
[7.400s] -- Build files have been written to: /home/pi/Ros2_ackermann_robot/build/vesc_msgs
[7.422s] Invoked command in '/home/pi/Ros2_ackermann_robot/build/vesc_msgs' returned '0': CMAKE_PREFIX_PATH=${CMAKE_PREFIX_PATH}:/home/pi/Ros2_ackermann_robot/install/ackermann_hardware:/home/pi/Ros2_ackermann_robot/install/ackermann_teleop:/home/pi/ros2_ws/install/drive:/home/pi/ros2_ws/install/ackermann_vesc_adapter:/home/pi/ros2_ws/install/ackermann_teleop:/opt/ros/kilted DEBUGINFOD_URLS=https://debuginfod.ubuntu.com /usr/bin/cmake /home/pi/Ros2_ackermann_robot/src/vesc/vesc_msgs -DCMAKE_INSTALL_PREFIX=/home/pi/Ros2_ackermann_robot/install/vesc_msgs
[7.424s] Invoking command in '/home/pi/Ros2_ackermann_robot/build/vesc_msgs': CMAKE_PREFIX_PATH=${CMAKE_PREFIX_PATH}:/home/pi/Ros2_ackermann_robot/install/ackermann_hardware:/home/pi/Ros2_ackermann_robot/install/ackermann_teleop:/home/pi/ros2_ws/install/drive:/home/pi/ros2_ws/install/ackermann_vesc_adapter:/home/pi/ros2_ws/install/ackermann_teleop:/opt/ros/kilted DEBUGINFOD_URLS=https://debuginfod.ubuntu.com /usr/bin/cmake --build /home/pi/Ros2_ackermann_robot/build/vesc_msgs -- -j4 -l4
[7.539s] [  1%] [34m[1mGenerating type hashes for ROS interfaces[0m
[7.563s] [  1%] Built target ament_cmake_python_copy_vesc_msgs
[7.931s] running egg_info
[7.932s] creating vesc_msgs.egg-info
[7.964s] writing vesc_msgs.egg-info/PKG-INFO
[7.964s] writing dependency_links to vesc_msgs.egg-info/dependency_links.txt
[7.964s] writing top-level names to vesc_msgs.egg-info/top_level.txt
[7.965s] writing manifest file 'vesc_msgs.egg-info/SOURCES.txt'
[8.051s] reading manifest file 'vesc_msgs.egg-info/SOURCES.txt'
[8.052s] writing manifest file 'vesc_msgs.egg-info/SOURCES.txt'
[8.148s] [  1%] Built target ament_cmake_python_build_vesc_msgs_egg
[8.208s] [  1%] Built target vesc_msgs__rosidl_generator_type_description
[8.231s] [  3%] [34m[1mGenerating C code for ROS interfaces[0m
[8.254s] [  4%] [34m[1mGenerating C++ code for ROS interfaces[0m
[9.262s] [  4%] Built target vesc_msgs__cpp
[9.412s] [  7%] [32mBuilding C object CMakeFiles/vesc_msgs__rosidl_generator_c.dir/rosidl_generator_c/vesc_msgs/msg/detail/vesc_state_stamped__description.c.o[0m
[9.412s] [  7%] [32mBuilding C object CMakeFiles/vesc_msgs__rosidl_generator_c.dir/rosidl_generator_c/vesc_msgs/msg/detail/vesc_state__description.c.o[0m
[9.413s] [  9%] [32mBuilding C object CMakeFiles/vesc_msgs__rosidl_generator_c.dir/rosidl_generator_c/vesc_msgs/msg/detail/vesc_state__type_support.c.o[0m
[9.415s] [ 10%] [32mBuilding C object CMakeFiles/vesc_msgs__rosidl_generator_c.dir/rosidl_generator_c/vesc_msgs/msg/detail/vesc_state__functions.c.o[0m
[9.502s] [ 12%] [32mBuilding C object CMakeFiles/vesc_msgs__rosidl_generator_c.dir/rosidl_generator_c/vesc_msgs/msg/detail/vesc_state_stamped__functions.c.o[0m
[9.515s] [ 15%] [32mBuilding C object CMakeFiles/vesc_msgs__rosidl_generator_c.dir/rosidl_generator_c/vesc_msgs/msg/detail/vesc_state_stamped__type_support.c.o[0m
[9.515s] [ 15%] [32mBuilding C object CMakeFiles/vesc_msgs__rosidl_generator_c.dir/rosidl_generator_c/vesc_msgs/msg/detail/vesc_imu__description.c.o[0m
[9.547s] [ 17%] [32mBuilding C object CMakeFiles/vesc_msgs__rosidl_generator_c.dir/rosidl_generator_c/vesc_msgs/msg/detail/vesc_imu__functions.c.o[0m
[9.614s] [ 18%] [32mBuilding C object CMakeFiles/vesc_msgs__rosidl_generator_c.dir/rosidl_generator_c/vesc_msgs/msg/detail/vesc_imu__type_support.c.o[0m
[9.631s] [ 20%] [32mBuilding C object CMakeFiles/vesc_msgs__rosidl_generator_c.dir/rosidl_generator_c/vesc_msgs/msg/detail/vesc_imu_stamped__description.c.o[0m
[9.646s] [ 21%] [32mBuilding C object CMakeFiles/vesc_msgs__rosidl_generator_c.dir/rosidl_generator_c/vesc_msgs/msg/detail/vesc_imu_stamped__functions.c.o[0m
[9.681s] [ 23%] [32mBuilding C object CMakeFiles/vesc_msgs__rosidl_generator_c.dir/rosidl_generator_c/vesc_msgs/msg/detail/vesc_imu_stamped__type_support.c.o[0m
[9.766s] [ 25%] [32m[1mLinking C shared library libvesc_msgs__rosidl_generator_c.so[0m
[9.892s] [ 25%] Built target vesc_msgs__rosidl_generator_c
[9.922s] [ 31%] [34m[1mGenerating C type support for eProsima Fast-RTPS[0m
[9.923s] [ 31%] [34m[1mGenerating C introspection for ROS interfaces[0m
[9.923s] [ 31%] [34m[1mGenerating C type support dispatch for ROS interfaces[0m
[9.923s] [ 31%] [34m[1mGenerating C++ type support dispatch for ROS interfaces[0m
[10.825s] [ 32%] [32mBuilding CXX object CMakeFiles/vesc_msgs__rosidl_typesupport_c.dir/rosidl_typesupport_c/vesc_msgs/msg/vesc_state__type_support.cpp.o[0m
[10.933s] [ 34%] [32mBuilding CXX object CMakeFiles/vesc_msgs__rosidl_typesupport_cpp.dir/rosidl_typesupport_cpp/vesc_msgs/msg/vesc_state__type_support.cpp.o[0m
[10.957s] [ 35%] [32mBuilding CXX object CMakeFiles/vesc_msgs__rosidl_typesupport_c.dir/rosidl_typesupport_c/vesc_msgs/msg/vesc_state_stamped__type_support.cpp.o[0m
[11.007s] [ 37%] [32mBuilding C object CMakeFiles/vesc_msgs__rosidl_typesupport_introspection_c.dir/rosidl_typesupport_introspection_c/vesc_msgs/msg/detail/vesc_state__type_support.c.o[0m
[11.067s] [ 39%] [32mBuilding CXX object CMakeFiles/vesc_msgs__rosidl_typesupport_c.dir/rosidl_typesupport_c/vesc_msgs/msg/vesc_imu__type_support.cpp.o[0m
[11.108s] [ 40%] [32mBuilding C object CMakeFiles/vesc_msgs__rosidl_typesupport_introspection_c.dir/rosidl_typesupport_introspection_c/vesc_msgs/msg/detail/vesc_state_stamped__type_support.c.o[0m
[11.162s] [ 42%] [32mBuilding CXX object CMakeFiles/vesc_msgs__rosidl_typesupport_fastrtps_c.dir/rosidl_typesupport_fastrtps_c/vesc_msgs/msg/detail/vesc_state__type_support_c.cpp.o[0m
[11.172s] [ 43%] [32mBuilding CXX object CMakeFiles/vesc_msgs__rosidl_typesupport_c.dir/rosidl_typesupport_c/vesc_msgs/msg/vesc_imu_stamped__type_support.cpp.o[0m
[11.227s] [ 45%] [32mBuilding C object CMakeFiles/vesc_msgs__rosidl_typesupport_introspection_c.dir/rosidl_typesupport_introspection_c/vesc_msgs/msg/detail/vesc_imu__type_support.c.o[0m
[11.287s] [ 46%] [32m[1mLinking CXX shared library libvesc_msgs__rosidl_typesupport_c.so[0m
[11.334s] [ 48%] [32mBuilding C object CMakeFiles/vesc_msgs__rosidl_typesupport_introspection_c.dir/rosidl_typesupport_introspection_c/vesc_msgs/msg/detail/vesc_imu_stamped__type_support.c.o[0m
[11.407s] [ 48%] Built target vesc_msgs__rosidl_typesupport_c
[11.433s] [ 50%] [32mBuilding CXX object CMakeFiles/vesc_msgs__rosidl_typesupport_cpp.dir/rosidl_typesupport_cpp/vesc_msgs/msg/vesc_state_stamped__type_support.cpp.o[0m
[11.448s] [ 51%] [32m[1mLinking C shared library libvesc_msgs__rosidl_typesupport_introspection_c.so[0m
[11.555s] [ 51%] Built target vesc_msgs__rosidl_typesupport_introspection_c
[11.586s] [ 53%] [34m[1mGenerating C++ type support for eProsima Fast-RTPS[0m
[11.740s] [ 54%] [32mBuilding CXX object CMakeFiles/vesc_msgs__rosidl_typesupport_cpp.dir/rosidl_typesupport_cpp/vesc_msgs/msg/vesc_imu__type_support.cpp.o[0m
[12.125s] [ 56%] [32mBuilding CXX object CMakeFiles/vesc_msgs__rosidl_typesupport_fastrtps_c.dir/rosidl_typesupport_fastrtps_c/vesc_msgs/msg/detail/vesc_state_stamped__type_support_c.cpp.o[0m
[12.234s] [ 57%] [32mBuilding CXX object CMakeFiles/vesc_msgs__rosidl_typesupport_fastrtps_c.dir/rosidl_typesupport_fastrtps_c/vesc_msgs/msg/detail/vesc_imu__type_support_c.cpp.o[0m
[12.439s] [ 59%] [32mBuilding CXX object CMakeFiles/vesc_msgs__rosidl_typesupport_cpp.dir/rosidl_typesupport_cpp/vesc_msgs/msg/vesc_imu_stamped__type_support.cpp.o[0m
[13.040s] [ 60%] [32mBuilding CXX object CMakeFiles/vesc_msgs__rosidl_typesupport_fastrtps_cpp.dir/rosidl_typesupport_fastrtps_cpp/vesc_msgs/msg/detail/dds_fastrtps/vesc_state__type_support.cpp.o[0m
[13.145s] [ 62%] [34m[1mGenerating C++ introspection for ROS interfaces[0m
[13.187s] [ 64%] [32m[1mLinking CXX shared library libvesc_msgs__rosidl_typesupport_cpp.so[0m
[13.261s] [ 65%] [32mBuilding CXX object CMakeFiles/vesc_msgs__rosidl_typesupport_fastrtps_c.dir/rosidl_typesupport_fastrtps_c/vesc_msgs/msg/detail/vesc_imu_stamped__type_support_c.cpp.o[0m
[13.313s] [ 65%] Built target vesc_msgs__rosidl_typesupport_cpp
[13.341s] [ 67%] [32mBuilding CXX object CMakeFiles/vesc_msgs__rosidl_typesupport_fastrtps_cpp.dir/rosidl_typesupport_fastrtps_cpp/vesc_msgs/msg/detail/dds_fastrtps/vesc_state_stamped__type_support.cpp.o[0m
[14.250s] [ 68%] [32mBuilding CXX object CMakeFiles/vesc_msgs__rosidl_typesupport_fastrtps_cpp.dir/rosidl_typesupport_fastrtps_cpp/vesc_msgs/msg/detail/dds_fastrtps/vesc_imu__type_support.cpp.o[0m
[14.296s] [ 70%] [32m[1mLinking CXX shared library libvesc_msgs__rosidl_typesupport_fastrtps_c.so[0m
[14.382s] [ 71%] [32mBuilding CXX object CMakeFiles/vesc_msgs__rosidl_typesupport_introspection_cpp.dir/rosidl_typesupport_introspection_cpp/vesc_msgs/msg/detail/vesc_state__type_support.cpp.o[0m
[14.412s] [ 73%] [32mBuilding CXX object CMakeFiles/vesc_msgs__rosidl_typesupport_fastrtps_cpp.dir/rosidl_typesupport_fastrtps_cpp/vesc_msgs/msg/detail/dds_fastrtps/vesc_imu_stamped__type_support.cpp.o[0m
[14.462s] [ 73%] Built target vesc_msgs__rosidl_typesupport_fastrtps_c
[14.488s] [ 75%] [32mBuilding CXX object CMakeFiles/vesc_msgs__rosidl_typesupport_introspection_cpp.dir/rosidl_typesupport_introspection_cpp/vesc_msgs/msg/detail/vesc_state_stamped__type_support.cpp.o[0m
[15.105s] [ 76%] [32mBuilding CXX object CMakeFiles/vesc_msgs__rosidl_typesupport_introspection_cpp.dir/rosidl_typesupport_introspection_cpp/vesc_msgs/msg/detail/vesc_imu__type_support.cpp.o[0m
[15.289s] [ 78%] [32mBuilding CXX object CMakeFiles/vesc_msgs__rosidl_typesupport_introspection_cpp.dir/rosidl_typesupport_introspection_cpp/vesc_msgs/msg/detail/vesc_imu_stamped__type_support.cpp.o[0m
[15.476s] [ 79%] [32m[1mLinking CXX shared library libvesc_msgs__rosidl_typesupport_fastrtps_cpp.so[0m
[15.618s] [ 79%] Built target vesc_msgs__rosidl_typesupport_fastrtps_cpp
[15.897s] [ 81%] [32m[1mLinking CXX shared library libvesc_msgs__rosidl_typesupport_introspection_cpp.so[0m
[16.065s] [ 81%] Built target vesc_msgs__rosidl_typesupport_introspection_cpp
[16.111s] [ 81%] Built target vesc_msgs
[16.160s] [ 82%] [34m[1mGenerating Python code for ROS interfaces[0m
[17.422s] [ 82%] Built target vesc_msgs__py
[17.473s] [ 85%] [32mBuilding C object CMakeFiles/vesc_msgs__rosidl_generator_py.dir/rosidl_generator_py/vesc_msgs/msg/_vesc_state_s.c.o[0m
[17.473s] [ 85%] [32mBuilding C object CMakeFiles/vesc_msgs__rosidl_generator_py.dir/rosidl_generator_py/vesc_msgs/msg/_vesc_state_stamped_s.c.o[0m
[17.473s] [ 87%] [32mBuilding C object CMakeFiles/vesc_msgs__rosidl_generator_py.dir/rosidl_generator_py/vesc_msgs/msg/_vesc_imu_s.c.o[0m
[17.477s] [ 89%] [32mBuilding C object CMakeFiles/vesc_msgs__rosidl_generator_py.dir/rosidl_generator_py/vesc_msgs/msg/_vesc_imu_stamped_s.c.o[0m
[17.773s] [ 90%] [32m[1mLinking C shared library libvesc_msgs__rosidl_generator_py.so[0m
[17.882s] [ 90%] Built target vesc_msgs__rosidl_generator_py
[17.929s] [ 95%] [32mBuilding C object CMakeFiles/vesc_msgs_s__rosidl_typesupport_c.dir/rosidl_generator_py/vesc_msgs/_vesc_msgs_s.ep.rosidl_typesupport_c.c.o[0m
[17.930s] [ 95%] [32mBuilding C object CMakeFiles/vesc_msgs_s__rosidl_typesupport_fastrtps_c.dir/rosidl_generator_py/vesc_msgs/_vesc_msgs_s.ep.rosidl_typesupport_fastrtps_c.c.o[0m
[17.930s] [ 95%] [32mBuilding C object CMakeFiles/vesc_msgs_s__rosidl_typesupport_introspection_c.dir/rosidl_generator_py/vesc_msgs/_vesc_msgs_s.ep.rosidl_typesupport_introspection_c.c.o[0m
[18.152s] [ 98%] [32m[1mLinking C shared module rosidl_generator_py/vesc_msgs/vesc_msgs_s__rosidl_typesupport_introspection_c.so[0m
[18.152s] [ 98%] [32m[1mLinking C shared module rosidl_generator_py/vesc_msgs/vesc_msgs_s__rosidl_typesupport_c.so[0m
[18.168s] [100%] [32m[1mLinking C shared module rosidl_generator_py/vesc_msgs/vesc_msgs_s__rosidl_typesupport_fastrtps_c.so[0m
[18.229s] [100%] Built target vesc_msgs_s__rosidl_typesupport_c
[18.234s] [100%] Built target vesc_msgs_s__rosidl_typesupport_introspection_c
[18.244s] [100%] Built target vesc_msgs_s__rosidl_typesupport_fastrtps_c
[18.272s] Invoked command in '/home/pi/Ros2_ackermann_robot/build/vesc_msgs' returned '0': CMAKE_PREFIX_PATH=${CMAKE_PREFIX_PATH}:/home/pi/Ros2_ackermann_robot/install/ackermann_hardware:/home/pi/Ros2_ackermann_robot/install/ackermann_teleop:/home/pi/ros2_ws/install/drive:/home/pi/ros2_ws/install/ackermann_vesc_adapter:/home/pi/ros2_ws/install/ackermann_teleop:/opt/ros/kilted DEBUGINFOD_URLS=https://debuginfod.ubuntu.com /usr/bin/cmake --build /home/pi/Ros2_ackermann_robot/build/vesc_msgs -- -j4 -l4
[18.274s] Invoking command in '/home/pi/Ros2_ackermann_robot/build/vesc_msgs': CMAKE_PREFIX_PATH=${CMAKE_PREFIX_PATH}:/home/pi/Ros2_ackermann_robot/install/ackermann_hardware:/home/pi/Ros2_ackermann_robot/install/ackermann_teleop:/home/pi/ros2_ws/install/drive:/home/pi/ros2_ws/install/ackermann_vesc_adapter:/home/pi/ros2_ws/install/ackermann_teleop:/opt/ros/kilted DEBUGINFOD_URLS=https://debuginfod.ubuntu.com /usr/bin/cmake --install /home/pi/Ros2_ackermann_robot/build/vesc_msgs
[18.293s] -- Install configuration: ""
[18.293s] -- Installing: /home/pi/Ros2_ackermann_robot/install/vesc_msgs/share/ament_index/resource_index/rosidl_interfaces/vesc_msgs
[18.294s] -- Installing: /home/pi/Ros2_ackermann_robot/install/vesc_msgs/share/vesc_msgs/msg/VescState.json
[18.294s] -- Installing: /home/pi/Ros2_ackermann_robot/install/vesc_msgs/share/vesc_msgs/msg/VescStateStamped.json
[18.294s] -- Installing: /home/pi/Ros2_ackermann_robot/install/vesc_msgs/share/vesc_msgs/msg/VescImu.json
[18.294s] -- Installing: /home/pi/Ros2_ackermann_robot/install/vesc_msgs/share/vesc_msgs/msg/VescImuStamped.json
[18.295s] -- Installing: /home/pi/Ros2_ackermann_robot/install/vesc_msgs/include/vesc_msgs/vesc_msgs
[18.295s] -- Installing: /home/pi/Ros2_ackermann_robot/install/vesc_msgs/include/vesc_msgs/vesc_msgs/msg
[18.296s] -- Installing: /home/pi/Ros2_ackermann_robot/install/vesc_msgs/include/vesc_msgs/vesc_msgs/msg/vesc_state.h
[18.296s] -- Installing: /home/pi/Ros2_ackermann_robot/install/vesc_msgs/include/vesc_msgs/vesc_msgs/msg/vesc_state_stamped.h
[18.296s] -- Installing: /home/pi/Ros2_ackermann_robot/install/vesc_msgs/include/vesc_msgs/vesc_msgs/msg/vesc_imu_stamped.h
[18.296s] -- Installing: /home/pi/Ros2_ackermann_robot/install/vesc_msgs/include/vesc_msgs/vesc_msgs/msg/rosidl_generator_c__visibility_control.h
[18.296s] -- Installing: /home/pi/Ros2_ackermann_robot/install/vesc_msgs/include/vesc_msgs/vesc_msgs/msg/detail
[18.296s] -- Installing: /home/pi/Ros2_ackermann_robot/install/vesc_msgs/include/vesc_msgs/vesc_msgs/msg/detail/vesc_state__functions.h
[18.296s] -- Installing: /home/pi/Ros2_ackermann_robot/install/vesc_msgs/include/vesc_msgs/vesc_msgs/msg/detail/vesc_imu__type_support.h
[18.297s] -- Installing: /home/pi/Ros2_ackermann_robot/install/vesc_msgs/include/vesc_msgs/vesc_msgs/msg/detail/vesc_imu__functions.c
[18.297s] -- Installing: /home/pi/Ros2_ackermann_robot/install/vesc_msgs/include/vesc_msgs/vesc_msgs/msg/detail/vesc_imu_stamped__functions.c
[18.297s] -- Installing: /home/pi/Ros2_ackermann_robot/install/vesc_msgs/include/vesc_msgs/vesc_msgs/msg/detail/vesc_state_stamped__type_support.h
[18.297s] -- Installing: /home/pi/Ros2_ackermann_robot/install/vesc_msgs/include/vesc_msgs/vesc_msgs/msg/detail/vesc_state_stamped__functions.h
[18.297s] -- Installing: /home/pi/Ros2_ackermann_robot/install/vesc_msgs/include/vesc_msgs/vesc_msgs/msg/detail/vesc_imu_stamped__type_support.c
[18.297s] -- Installing: /home/pi/Ros2_ackermann_robot/install/vesc_msgs/include/vesc_msgs/vesc_msgs/msg/detail/vesc_imu_stamped__struct.h
[18.298s] -- Installing: /home/pi/Ros2_ackermann_robot/install/vesc_msgs/include/vesc_msgs/vesc_msgs/msg/detail/vesc_imu__struct.h
[18.298s] -- Installing: /home/pi/Ros2_ackermann_robot/install/vesc_msgs/include/vesc_msgs/vesc_msgs/msg/detail/vesc_state_stamped__description.c
[18.298s] -- Installing: /home/pi/Ros2_ackermann_robot/install/vesc_msgs/include/vesc_msgs/vesc_msgs/msg/detail/vesc_state__type_support.c
[18.298s] -- Installing: /home/pi/Ros2_ackermann_robot/install/vesc_msgs/include/vesc_msgs/vesc_msgs/msg/detail/vesc_imu__description.c
[18.298s] -- Installing: /home/pi/Ros2_ackermann_robot/install/vesc_msgs/include/vesc_msgs/vesc_msgs/msg/detail/vesc_state__type_support.h
[18.298s] -- Installing: /home/pi/Ros2_ackermann_robot/install/vesc_msgs/include/vesc_msgs/vesc_msgs/msg/detail/vesc_imu__type_support.c
[18.299s] -- Installing: /home/pi/Ros2_ackermann_robot/install/vesc_msgs/include/vesc_msgs/vesc_msgs/msg/detail/vesc_state_stamped__struct.h
[18.299s] -- Installing: /home/pi/Ros2_ackermann_robot/install/vesc_msgs/include/vesc_msgs/vesc_msgs/msg/detail/vesc_state__description.c
[18.299s] -- Installing: /home/pi/Ros2_ackermann_robot/install/vesc_msgs/include/vesc_msgs/vesc_msgs/msg/detail/vesc_imu_stamped__type_support.h
[18.299s] -- Installing: /home/pi/Ros2_ackermann_robot/install/vesc_msgs/include/vesc_msgs/vesc_msgs/msg/detail/vesc_state__struct.h
[18.299s] -- Installing: /home/pi/Ros2_ackermann_robot/install/vesc_msgs/include/vesc_msgs/vesc_msgs/msg/detail/vesc_state__functions.c
[18.299s] -- Installing: /home/pi/Ros2_ackermann_robot/install/vesc_msgs/include/vesc_msgs/vesc_msgs/msg/detail/vesc_state_stamped__type_support.c
[18.299s] -- Installing: /home/pi/Ros2_ackermann_robot/install/vesc_msgs/include/vesc_msgs/vesc_msgs/msg/detail/vesc_imu_stamped__description.c
[18.299s] -- Installing: /home/pi/Ros2_ackermann_robot/install/vesc_msgs/include/vesc_msgs/vesc_msgs/msg/detail/vesc_imu_stamped__functions.h
[18.299s] -- Installing: /home/pi/Ros2_ackermann_robot/install/vesc_msgs/include/vesc_msgs/vesc_msgs/msg/detail/vesc_state_stamped__functions.c
[18.299s] -- Installing: /home/pi/Ros2_ackermann_robot/install/vesc_msgs/include/vesc_msgs/vesc_msgs/msg/detail/vesc_imu__functions.h
[18.300s] -- Installing: /home/pi/Ros2_ackermann_robot/install/vesc_msgs/include/vesc_msgs/vesc_msgs/msg/vesc_imu.h
[18.300s] -- Installing: /home/pi/Ros2_ackermann_robot/install/vesc_msgs/share/vesc_msgs/environment/library_path.sh
[18.300s] -- Installing: /home/pi/Ros2_ackermann_robot/install/vesc_msgs/share/vesc_msgs/environment/library_path.dsv
[18.300s] -- Installing: /home/pi/Ros2_ackermann_robot/install/vesc_msgs/lib/libvesc_msgs__rosidl_generator_c.so
[18.301s] -- Set non-toolchain portion of runtime path of "/home/pi/Ros2_ackermann_robot/install/vesc_msgs/lib/libvesc_msgs__rosidl_generator_c.so" to ""
[18.301s] -- Up-to-date: /home/pi/Ros2_ackermann_robot/install/vesc_msgs/include/vesc_msgs/vesc_msgs
[18.301s] -- Up-to-date: /home/pi/Ros2_ackermann_robot/install/vesc_msgs/include/vesc_msgs/vesc_msgs/msg
[18.301s] -- Installing: /home/pi/Ros2_ackermann_robot/install/vesc_msgs/include/vesc_msgs/vesc_msgs/msg/rosidl_typesupport_fastrtps_c__visibility_control.h
[18.301s] -- Up-to-date: /home/pi/Ros2_ackermann_robot/install/vesc_msgs/include/vesc_msgs/vesc_msgs/msg/detail
[18.301s] -- Installing: /home/pi/Ros2_ackermann_robot/install/vesc_msgs/include/vesc_msgs/vesc_msgs/msg/detail/vesc_state__rosidl_typesupport_fastrtps_c.h
[18.301s] -- Installing: /home/pi/Ros2_ackermann_robot/install/vesc_msgs/include/vesc_msgs/vesc_msgs/msg/detail/vesc_imu__rosidl_typesupport_fastrtps_c.h
[18.302s] -- Installing: /home/pi/Ros2_ackermann_robot/install/vesc_msgs/include/vesc_msgs/vesc_msgs/msg/detail/vesc_state_stamped__rosidl_typesupport_fastrtps_c.h
[18.302s] -- Installing: /home/pi/Ros2_ackermann_robot/install/vesc_msgs/include/vesc_msgs/vesc_msgs/msg/detail/vesc_imu_stamped__rosidl_typesupport_fastrtps_c.h
[18.302s] -- Installing: /home/pi/Ros2_ackermann_robot/install/vesc_msgs/lib/libvesc_msgs__rosidl_typesupport_fastrtps_c.so
[18.302s] -- Set non-toolchain portion of runtime path of "/home/pi/Ros2_ackermann_robot/install/vesc_msgs/lib/libvesc_msgs__rosidl_typesupport_fastrtps_c.so" to ""
[18.302s] -- Up-to-date: /home/pi/Ros2_ackermann_robot/install/vesc_msgs/include/vesc_msgs/vesc_msgs
[18.303s] -- Up-to-date: /home/pi/Ros2_ackermann_robot/install/vesc_msgs/include/vesc_msgs/vesc_msgs/msg
[18.303s] -- Installing: /home/pi/Ros2_ackermann_robot/install/vesc_msgs/include/vesc_msgs/vesc_msgs/msg/rosidl_typesupport_introspection_c__visibility_control.h
[18.303s] -- Up-to-date: /home/pi/Ros2_ackermann_robot/install/vesc_msgs/include/vesc_msgs/vesc_msgs/msg/detail
[18.303s] -- Installing: /home/pi/Ros2_ackermann_robot/install/vesc_msgs/include/vesc_msgs/vesc_msgs/msg/detail/vesc_state_stamped__rosidl_typesupport_introspection_c.h
[18.303s] -- Installing: /home/pi/Ros2_ackermann_robot/install/vesc_msgs/include/vesc_msgs/vesc_msgs/msg/detail/vesc_imu_stamped__type_support.c
[18.303s] -- Installing: /home/pi/Ros2_ackermann_robot/install/vesc_msgs/include/vesc_msgs/vesc_msgs/msg/detail/vesc_imu__rosidl_typesupport_introspection_c.h
[18.303s] -- Installing: /home/pi/Ros2_ackermann_robot/install/vesc_msgs/include/vesc_msgs/vesc_msgs/msg/detail/vesc_imu_stamped__rosidl_typesupport_introspection_c.h
[18.303s] -- Installing: /home/pi/Ros2_ackermann_robot/install/vesc_msgs/include/vesc_msgs/vesc_msgs/msg/detail/vesc_state__type_support.c
[18.303s] -- Installing: /home/pi/Ros2_ackermann_robot/install/vesc_msgs/include/vesc_msgs/vesc_msgs/msg/detail/vesc_imu__type_support.c
[18.304s] -- Installing: /home/pi/Ros2_ackermann_robot/install/vesc_msgs/include/vesc_msgs/vesc_msgs/msg/detail/vesc_state__rosidl_typesupport_introspection_c.h
[18.304s] -- Installing: /home/pi/Ros2_ackermann_robot/install/vesc_msgs/include/vesc_msgs/vesc_msgs/msg/detail/vesc_state_stamped__type_support.c
[18.304s] -- Installing: /home/pi/Ros2_ackermann_robot/install/vesc_msgs/lib/libvesc_msgs__rosidl_typesupport_introspection_c.so
[18.305s] -- Set non-toolchain portion of runtime path of "/home/pi/Ros2_ackermann_robot/install/vesc_msgs/lib/libvesc_msgs__rosidl_typesupport_introspection_c.so" to ""
[18.305s] -- Installing: /home/pi/Ros2_ackermann_robot/install/vesc_msgs/lib/libvesc_msgs__rosidl_typesupport_c.so
[18.305s] -- Set non-toolchain portion of runtime path of "/home/pi/Ros2_ackermann_robot/install/vesc_msgs/lib/libvesc_msgs__rosidl_typesupport_c.so" to ""
[18.305s] -- Up-to-date: /home/pi/Ros2_ackermann_robot/install/vesc_msgs/include/vesc_msgs/vesc_msgs
[18.305s] -- Up-to-date: /home/pi/Ros2_ackermann_robot/install/vesc_msgs/include/vesc_msgs/vesc_msgs/msg
[18.306s] -- Installing: /home/pi/Ros2_ackermann_robot/install/vesc_msgs/include/vesc_msgs/vesc_msgs/msg/rosidl_generator_cpp__visibility_control.hpp
[18.306s] -- Installing: /home/pi/Ros2_ackermann_robot/install/vesc_msgs/include/vesc_msgs/vesc_msgs/msg/vesc_state.hpp
[18.306s] -- Installing: /home/pi/Ros2_ackermann_robot/install/vesc_msgs/include/vesc_msgs/vesc_msgs/msg/vesc_imu_stamped.hpp
[18.306s] -- Installing: /home/pi/Ros2_ackermann_robot/install/vesc_msgs/include/vesc_msgs/vesc_msgs/msg/vesc_imu.hpp
[18.306s] -- Installing: /home/pi/Ros2_ackermann_robot/install/vesc_msgs/include/vesc_msgs/vesc_msgs/msg/vesc_state_stamped.hpp
[18.306s] -- Up-to-date: /home/pi/Ros2_ackermann_robot/install/vesc_msgs/include/vesc_msgs/vesc_msgs/msg/detail
[18.306s] -- Installing: /home/pi/Ros2_ackermann_robot/install/vesc_msgs/include/vesc_msgs/vesc_msgs/msg/detail/vesc_state__traits.hpp
[18.306s] -- Installing: /home/pi/Ros2_ackermann_robot/install/vesc_msgs/include/vesc_msgs/vesc_msgs/msg/detail/vesc_state_stamped__struct.hpp
[18.306s] -- Installing: /home/pi/Ros2_ackermann_robot/install/vesc_msgs/include/vesc_msgs/vesc_msgs/msg/detail/vesc_imu_stamped__traits.hpp
[18.307s] -- Installing: /home/pi/Ros2_ackermann_robot/install/vesc_msgs/include/vesc_msgs/vesc_msgs/msg/detail/vesc_state_stamped__type_support.hpp
[18.307s] -- Installing: /home/pi/Ros2_ackermann_robot/install/vesc_msgs/include/vesc_msgs/vesc_msgs/msg/detail/vesc_imu_stamped__struct.hpp
[18.307s] -- Installing: /home/pi/Ros2_ackermann_robot/install/vesc_msgs/include/vesc_msgs/vesc_msgs/msg/detail/vesc_imu__builder.hpp
[18.307s] -- Installing: /home/pi/Ros2_ackermann_robot/install/vesc_msgs/include/vesc_msgs/vesc_msgs/msg/detail/vesc_imu_stamped__builder.hpp
[18.307s] -- Installing: /home/pi/Ros2_ackermann_robot/install/vesc_msgs/include/vesc_msgs/vesc_msgs/msg/detail/vesc_state_stamped__traits.hpp
[18.307s] -- Installing: /home/pi/Ros2_ackermann_robot/install/vesc_msgs/include/vesc_msgs/vesc_msgs/msg/detail/vesc_state__struct.hpp
[18.307s] -- Installing: /home/pi/Ros2_ackermann_robot/install/vesc_msgs/include/vesc_msgs/vesc_msgs/msg/detail/vesc_state__builder.hpp
[18.307s] -- Installing: /home/pi/Ros2_ackermann_robot/install/vesc_msgs/include/vesc_msgs/vesc_msgs/msg/detail/vesc_state_stamped__builder.hpp
[18.308s] -- Installing: /home/pi/Ros2_ackermann_robot/install/vesc_msgs/include/vesc_msgs/vesc_msgs/msg/detail/vesc_imu__type_support.hpp
[18.308s] -- Installing: /home/pi/Ros2_ackermann_robot/install/vesc_msgs/include/vesc_msgs/vesc_msgs/msg/detail/vesc_imu__traits.hpp
[18.308s] -- Installing: /home/pi/Ros2_ackermann_robot/install/vesc_msgs/include/vesc_msgs/vesc_msgs/msg/detail/vesc_imu__struct.hpp
[18.308s] -- Installing: /home/pi/Ros2_ackermann_robot/install/vesc_msgs/include/vesc_msgs/vesc_msgs/msg/detail/vesc_state__type_support.hpp
[18.308s] -- Installing: /home/pi/Ros2_ackermann_robot/install/vesc_msgs/include/vesc_msgs/vesc_msgs/msg/detail/vesc_imu_stamped__type_support.hpp
[18.308s] -- Up-to-date: /home/pi/Ros2_ackermann_robot/install/vesc_msgs/include/vesc_msgs/vesc_msgs
[18.308s] -- Up-to-date: /home/pi/Ros2_ackermann_robot/install/vesc_msgs/include/vesc_msgs/vesc_msgs/msg
[18.309s] -- Installing: /home/pi/Ros2_ackermann_robot/install/vesc_msgs/include/vesc_msgs/vesc_msgs/msg/rosidl_typesupport_fastrtps_cpp__visibility_control.h
[18.309s] -- Up-to-date: /home/pi/Ros2_ackermann_robot/install/vesc_msgs/include/vesc_msgs/vesc_msgs/msg/detail
[18.309s] -- Installing: /home/pi/Ros2_ackermann_robot/install/vesc_msgs/include/vesc_msgs/vesc_msgs/msg/detail/vesc_state_stamped__rosidl_typesupport_fastrtps_cpp.hpp
[18.309s] -- Installing: /home/pi/Ros2_ackermann_robot/install/vesc_msgs/include/vesc_msgs/vesc_msgs/msg/detail/vesc_state__rosidl_typesupport_fastrtps_cpp.hpp
[18.309s] -- Installing: /home/pi/Ros2_ackermann_robot/install/vesc_msgs/include/vesc_msgs/vesc_msgs/msg/detail/vesc_imu__rosidl_typesupport_fastrtps_cpp.hpp
[18.309s] -- Installing: /home/pi/Ros2_ackermann_robot/install/vesc_msgs/include/vesc_msgs/vesc_msgs/msg/detail/dds_fastrtps
[18.309s] -- Installing: /home/pi/Ros2_ackermann_robot/install/vesc_msgs/include/vesc_msgs/vesc_msgs/msg/detail/vesc_imu_stamped__rosidl_typesupport_fastrtps_cpp.hpp
[18.309s] -- Installing: /home/pi/Ros2_ackermann_robot/install/vesc_msgs/lib/libvesc_msgs__rosidl_typesupport_fastrtps_cpp.so
[18.310s] -- Set non-toolchain portion of runtime path of "/home/pi/Ros2_ackermann_robot/install/vesc_msgs/lib/libvesc_msgs__rosidl_typesupport_fastrtps_cpp.so" to ""
[18.310s] -- Up-to-date: /home/pi/Ros2_ackermann_robot/install/vesc_msgs/include/vesc_msgs/vesc_msgs
[18.310s] -- Up-to-date: /home/pi/Ros2_ackermann_robot/install/vesc_msgs/include/vesc_msgs/vesc_msgs/msg
[18.310s] -- Up-to-date: /home/pi/Ros2_ackermann_robot/install/vesc_msgs/include/vesc_msgs/vesc_msgs/msg/detail
[18.311s] -- Installing: /home/pi/Ros2_ackermann_robot/install/vesc_msgs/include/vesc_msgs/vesc_msgs/msg/detail/vesc_imu__type_support.cpp
[18.311s] -- Installing: /home/pi/Ros2_ackermann_robot/install/vesc_msgs/include/vesc_msgs/vesc_msgs/msg/detail/vesc_imu_stamped__type_support.cpp
[18.311s] -- Installing: /home/pi/Ros2_ackermann_robot/install/vesc_msgs/include/vesc_msgs/vesc_msgs/msg/detail/vesc_state__type_support.cpp
[18.311s] -- Installing: /home/pi/Ros2_ackermann_robot/install/vesc_msgs/include/vesc_msgs/vesc_msgs/msg/detail/vesc_imu_stamped__rosidl_typesupport_introspection_cpp.hpp
[18.311s] -- Installing: /home/pi/Ros2_ackermann_robot/install/vesc_msgs/include/vesc_msgs/vesc_msgs/msg/detail/vesc_state_stamped__rosidl_typesupport_introspection_cpp.hpp
[18.311s] -- Installing: /home/pi/Ros2_ackermann_robot/install/vesc_msgs/include/vesc_msgs/vesc_msgs/msg/detail/vesc_imu__rosidl_typesupport_introspection_cpp.hpp
[18.311s] -- Installing: /home/pi/Ros2_ackermann_robot/install/vesc_msgs/include/vesc_msgs/vesc_msgs/msg/detail/vesc_state_stamped__type_support.cpp
[18.311s] -- Installing: /home/pi/Ros2_ackermann_robot/install/vesc_msgs/include/vesc_msgs/vesc_msgs/msg/detail/vesc_state__rosidl_typesupport_introspection_cpp.hpp
[18.312s] -- Installing: /home/pi/Ros2_ackermann_robot/install/vesc_msgs/lib/libvesc_msgs__rosidl_typesupport_introspection_cpp.so
[18.312s] -- Set non-toolchain portion of runtime path of "/home/pi/Ros2_ackermann_robot/install/vesc_msgs/lib/libvesc_msgs__rosidl_typesupport_introspection_cpp.so" to ""
[18.313s] -- Installing: /home/pi/Ros2_ackermann_robot/install/vesc_msgs/lib/libvesc_msgs__rosidl_typesupport_cpp.so
[18.313s] -- Set non-toolchain portion of runtime path of "/home/pi/Ros2_ackermann_robot/install/vesc_msgs/lib/libvesc_msgs__rosidl_typesupport_cpp.so" to ""
[18.313s] -- Installing: /home/pi/Ros2_ackermann_robot/install/vesc_msgs/share/vesc_msgs/environment/pythonpath.sh
[18.313s] -- Installing: /home/pi/Ros2_ackermann_robot/install/vesc_msgs/share/vesc_msgs/environment/pythonpath.dsv
[18.314s] -- Installing: /home/pi/Ros2_ackermann_robot/install/vesc_msgs/lib/python3.12/site-packages/vesc_msgs-1.1.0-py3.12.egg-info
[18.314s] -- Installing: /home/pi/Ros2_ackermann_robot/install/vesc_msgs/lib/python3.12/site-packages/vesc_msgs-1.1.0-py3.12.egg-info/dependency_links.txt
[18.314s] -- Installing: /home/pi/Ros2_ackermann_robot/install/vesc_msgs/lib/python3.12/site-packages/vesc_msgs-1.1.0-py3.12.egg-info/top_level.txt
[18.314s] -- Installing: /home/pi/Ros2_ackermann_robot/install/vesc_msgs/lib/python3.12/site-packages/vesc_msgs-1.1.0-py3.12.egg-info/SOURCES.txt
[18.314s] -- Installing: /home/pi/Ros2_ackermann_robot/install/vesc_msgs/lib/python3.12/site-packages/vesc_msgs-1.1.0-py3.12.egg-info/PKG-INFO
[18.314s] -- Installing: /home/pi/Ros2_ackermann_robot/install/vesc_msgs/lib/python3.12/site-packages/vesc_msgs
[18.314s] -- Installing: /home/pi/Ros2_ackermann_robot/install/vesc_msgs/lib/python3.12/site-packages/vesc_msgs/_vesc_msgs_s.ep.rosidl_typesupport_fastrtps_c.c
[18.315s] -- Installing: /home/pi/Ros2_ackermann_robot/install/vesc_msgs/lib/python3.12/site-packages/vesc_msgs/_vesc_msgs_s.ep.rosidl_typesupport_introspection_c.c
[18.315s] -- Installing: /home/pi/Ros2_ackermann_robot/install/vesc_msgs/lib/python3.12/site-packages/vesc_msgs/msg
[18.315s] -- Installing: /home/pi/Ros2_ackermann_robot/install/vesc_msgs/lib/python3.12/site-packages/vesc_msgs/msg/_vesc_imu_s.c
[18.315s] -- Installing: /home/pi/Ros2_ackermann_robot/install/vesc_msgs/lib/python3.12/site-packages/vesc_msgs/msg/_vesc_imu_stamped.py
[18.315s] -- Installing: /home/pi/Ros2_ackermann_robot/install/vesc_msgs/lib/python3.12/site-packages/vesc_msgs/msg/_vesc_state_s.c
[18.315s] -- Installing: /home/pi/Ros2_ackermann_robot/install/vesc_msgs/lib/python3.12/site-packages/vesc_msgs/msg/_vesc_state.py
[18.316s] -- Installing: /home/pi/Ros2_ackermann_robot/install/vesc_msgs/lib/python3.12/site-packages/vesc_msgs/msg/__init__.py
[18.316s] -- Installing: /home/pi/Ros2_ackermann_robot/install/vesc_msgs/lib/python3.12/site-packages/vesc_msgs/msg/_vesc_imu_stamped_s.c
[18.316s] -- Installing: /home/pi/Ros2_ackermann_robot/install/vesc_msgs/lib/python3.12/site-packages/vesc_msgs/msg/_vesc_state_stamped.py
[18.316s] -- Installing: /home/pi/Ros2_ackermann_robot/install/vesc_msgs/lib/python3.12/site-packages/vesc_msgs/msg/_vesc_state_stamped_s.c
[18.316s] -- Installing: /home/pi/Ros2_ackermann_robot/install/vesc_msgs/lib/python3.12/site-packages/vesc_msgs/msg/_vesc_imu.py
[18.316s] -- Installing: /home/pi/Ros2_ackermann_robot/install/vesc_msgs/lib/python3.12/site-packages/vesc_msgs/_vesc_msgs_s.ep.rosidl_typesupport_c.c
[18.316s] -- Installing: /home/pi/Ros2_ackermann_robot/install/vesc_msgs/lib/python3.12/site-packages/vesc_msgs/__init__.py
[18.316s] -- Installing: /home/pi/Ros2_ackermann_robot/install/vesc_msgs/lib/python3.12/site-packages/vesc_msgs/vesc_msgs_s__rosidl_typesupport_introspection_c.so
[18.317s] -- Installing: /home/pi/Ros2_ackermann_robot/install/vesc_msgs/lib/python3.12/site-packages/vesc_msgs/vesc_msgs_s__rosidl_typesupport_fastrtps_c.so
[18.317s] -- Installing: /home/pi/Ros2_ackermann_robot/install/vesc_msgs/lib/python3.12/site-packages/vesc_msgs/vesc_msgs_s__rosidl_typesupport_c.so
[18.392s] Listing '/home/pi/Ros2_ackermann_robot/install/vesc_msgs/lib/python3.12/site-packages/vesc_msgs'...
[18.393s] Compiling '/home/pi/Ros2_ackermann_robot/install/vesc_msgs/lib/python3.12/site-packages/vesc_msgs/__init__.py'...
[18.393s] Listing '/home/pi/Ros2_ackermann_robot/install/vesc_msgs/lib/python3.12/site-packages/vesc_msgs/msg'...
[18.393s] Compiling '/home/pi/Ros2_ackermann_robot/install/vesc_msgs/lib/python3.12/site-packages/vesc_msgs/msg/__init__.py'...
[18.393s] Compiling '/home/pi/Ros2_ackermann_robot/install/vesc_msgs/lib/python3.12/site-packages/vesc_msgs/msg/_vesc_imu.py'...
[18.393s] Compiling '/home/pi/Ros2_ackermann_robot/install/vesc_msgs/lib/python3.12/site-packages/vesc_msgs/msg/_vesc_imu_stamped.py'...
[18.393s] Compiling '/home/pi/Ros2_ackermann_robot/install/vesc_msgs/lib/python3.12/site-packages/vesc_msgs/msg/_vesc_state.py'...
[18.393s] Compiling '/home/pi/Ros2_ackermann_robot/install/vesc_msgs/lib/python3.12/site-packages/vesc_msgs/msg/_vesc_state_stamped.py'...
[18.406s] -- Installing: /home/pi/Ros2_ackermann_robot/install/vesc_msgs/lib/python3.12/site-packages/vesc_msgs/vesc_msgs_s__rosidl_typesupport_fastrtps_c.so
[18.406s] -- Set non-toolchain portion of runtime path of "/home/pi/Ros2_ackermann_robot/install/vesc_msgs/lib/python3.12/site-packages/vesc_msgs/vesc_msgs_s__rosidl_typesupport_fastrtps_c.so" to ""
[18.407s] -- Installing: /home/pi/Ros2_ackermann_robot/install/vesc_msgs/lib/python3.12/site-packages/vesc_msgs/vesc_msgs_s__rosidl_typesupport_introspection_c.so
[18.407s] -- Set non-toolchain portion of runtime path of "/home/pi/Ros2_ackermann_robot/install/vesc_msgs/lib/python3.12/site-packages/vesc_msgs/vesc_msgs_s__rosidl_typesupport_introspection_c.so" to ""
[18.408s] -- Installing: /home/pi/Ros2_ackermann_robot/install/vesc_msgs/lib/python3.12/site-packages/vesc_msgs/vesc_msgs_s__rosidl_typesupport_c.so
[18.408s] -- Set non-toolchain portion of runtime path of "/home/pi/Ros2_ackermann_robot/install/vesc_msgs/lib/python3.12/site-packages/vesc_msgs/vesc_msgs_s__rosidl_typesupport_c.so" to ""
[18.408s] -- Installing: /home/pi/Ros2_ackermann_robot/install/vesc_msgs/lib/libvesc_msgs__rosidl_generator_py.so
[18.409s] -- Set non-toolchain portion of runtime path of "/home/pi/Ros2_ackermann_robot/install/vesc_msgs/lib/libvesc_msgs__rosidl_generator_py.so" to ""
[18.409s] -- Installing: /home/pi/Ros2_ackermann_robot/install/vesc_msgs/share/vesc_msgs/msg/VescState.idl
[18.409s] -- Installing: /home/pi/Ros2_ackermann_robot/install/vesc_msgs/share/vesc_msgs/msg/VescStateStamped.idl
[18.410s] -- Installing: /home/pi/Ros2_ackermann_robot/install/vesc_msgs/share/vesc_msgs/msg/VescImu.idl
[18.410s] -- Installing: /home/pi/Ros2_ackermann_robot/install/vesc_msgs/share/vesc_msgs/msg/VescImuStamped.idl
[18.410s] -- Installing: /home/pi/Ros2_ackermann_robot/install/vesc_msgs/share/vesc_msgs/msg/VescState.msg
[18.410s] -- Installing: /home/pi/Ros2_ackermann_robot/install/vesc_msgs/share/vesc_msgs/msg/VescStateStamped.msg
[18.410s] -- Installing: /home/pi/Ros2_ackermann_robot/install/vesc_msgs/share/vesc_msgs/msg/VescImu.msg
[18.410s] -- Installing: /home/pi/Ros2_ackermann_robot/install/vesc_msgs/share/vesc_msgs/msg/VescImuStamped.msg
[18.411s] -- Installing: /home/pi/Ros2_ackermann_robot/install/vesc_msgs/share/ament_index/resource_index/package_run_dependencies/vesc_msgs
[18.411s] -- Installing: /home/pi/Ros2_ackermann_robot/install/vesc_msgs/share/ament_index/resource_index/parent_prefix_path/vesc_msgs
[18.411s] -- Installing: /home/pi/Ros2_ackermann_robot/install/vesc_msgs/share/vesc_msgs/environment/ament_prefix_path.sh
[18.412s] -- Installing: /home/pi/Ros2_ackermann_robot/install/vesc_msgs/share/vesc_msgs/environment/ament_prefix_path.dsv
[18.412s] -- Installing: /home/pi/Ros2_ackermann_robot/install/vesc_msgs/share/vesc_msgs/environment/path.sh
[18.412s] -- Installing: /home/pi/Ros2_ackermann_robot/install/vesc_msgs/share/vesc_msgs/environment/path.dsv
[18.412s] -- Installing: /home/pi/Ros2_ackermann_robot/install/vesc_msgs/share/vesc_msgs/local_setup.bash
[18.413s] -- Installing: /home/pi/Ros2_ackermann_robot/install/vesc_msgs/share/vesc_msgs/local_setup.sh
[18.413s] -- Installing: /home/pi/Ros2_ackermann_robot/install/vesc_msgs/share/vesc_msgs/local_setup.zsh
[18.413s] -- Installing: /home/pi/Ros2_ackermann_robot/install/vesc_msgs/share/vesc_msgs/local_setup.dsv
[18.413s] -- Installing: /home/pi/Ros2_ackermann_robot/install/vesc_msgs/share/vesc_msgs/package.dsv
[18.413s] -- Installing: /home/pi/Ros2_ackermann_robot/install/vesc_msgs/share/ament_index/resource_index/packages/vesc_msgs
[18.414s] -- Installing: /home/pi/Ros2_ackermann_robot/install/vesc_msgs/share/vesc_msgs/cmake/export_vesc_msgs__rosidl_generator_cExport.cmake
[18.414s] -- Installing: /home/pi/Ros2_ackermann_robot/install/vesc_msgs/share/vesc_msgs/cmake/export_vesc_msgs__rosidl_generator_cExport-noconfig.cmake
[18.414s] -- Installing: /home/pi/Ros2_ackermann_robot/install/vesc_msgs/share/vesc_msgs/cmake/export_vesc_msgs__rosidl_typesupport_fastrtps_cExport.cmake
[18.414s] -- Installing: /home/pi/Ros2_ackermann_robot/install/vesc_msgs/share/vesc_msgs/cmake/export_vesc_msgs__rosidl_typesupport_fastrtps_cExport-noconfig.cmake
[18.414s] -- Installing: /home/pi/Ros2_ackermann_robot/install/vesc_msgs/share/vesc_msgs/cmake/vesc_msgs__rosidl_typesupport_introspection_cExport.cmake
[18.415s] -- Installing: /home/pi/Ros2_ackermann_robot/install/vesc_msgs/share/vesc_msgs/cmake/vesc_msgs__rosidl_typesupport_introspection_cExport-noconfig.cmake
[18.415s] -- Installing: /home/pi/Ros2_ackermann_robot/install/vesc_msgs/share/vesc_msgs/cmake/vesc_msgs__rosidl_typesupport_cExport.cmake
[18.415s] -- Installing: /home/pi/Ros2_ackermann_robot/install/vesc_msgs/share/vesc_msgs/cmake/vesc_msgs__rosidl_typesupport_cExport-noconfig.cmake
[18.415s] -- Installing: /home/pi/Ros2_ackermann_robot/install/vesc_msgs/share/vesc_msgs/cmake/export_vesc_msgs__rosidl_generator_cppExport.cmake
[18.415s] -- Installing: /home/pi/Ros2_ackermann_robot/install/vesc_msgs/share/vesc_msgs/cmake/export_vesc_msgs__rosidl_typesupport_fastrtps_cppExport.cmake
[18.416s] -- Installing: /home/pi/Ros2_ackermann_robot/install/vesc_msgs/share/vesc_msgs/cmake/export_vesc_msgs__rosidl_typesupport_fastrtps_cppExport-noconfig.cmake
[18.416s] -- Installing: /home/pi/Ros2_ackermann_robot/install/vesc_msgs/share/vesc_msgs/cmake/vesc_msgs__rosidl_typesupport_introspection_cppExport.cmake
[18.416s] -- Installing: /home/pi/Ros2_ackermann_robot/install/vesc_msgs/share/vesc_msgs/cmake/vesc_msgs__rosidl_typesupport_introspection_cppExport-noconfig.cmake
[18.416s] -- Installing: /home/pi/Ros2_ackermann_robot/install/vesc_msgs/share/vesc_msgs/cmake/vesc_msgs__rosidl_typesupport_cppExport.cmake
[18.417s] -- Installing: /home/pi/Ros2_ackermann_robot/install/vesc_msgs/share/vesc_msgs/cmake/vesc_msgs__rosidl_typesupport_cppExport-noconfig.cmake
[18.417s] -- Installing: /home/pi/Ros2_ackermann_robot/install/vesc_msgs/share/vesc_msgs/cmake/export_vesc_msgs__rosidl_generator_pyExport.cmake
[18.417s] -- Installing: /home/pi/Ros2_ackermann_robot/install/vesc_msgs/share/vesc_msgs/cmake/export_vesc_msgs__rosidl_generator_pyExport-noconfig.cmake
[18.417s] -- Installing: /home/pi/Ros2_ackermann_robot/install/vesc_msgs/share/vesc_msgs/cmake/rosidl_cmake-extras.cmake
[18.417s] -- Installing: /home/pi/Ros2_ackermann_robot/install/vesc_msgs/share/vesc_msgs/cmake/ament_cmake_export_dependencies-extras.cmake
[18.418s] -- Installing: /home/pi/Ros2_ackermann_robot/install/vesc_msgs/share/vesc_msgs/cmake/ament_cmake_export_include_directories-extras.cmake
[18.418s] -- Installing: /home/pi/Ros2_ackermann_robot/install/vesc_msgs/share/vesc_msgs/cmake/ament_cmake_export_libraries-extras.cmake
[18.418s] -- Installing: /home/pi/Ros2_ackermann_robot/install/vesc_msgs/share/vesc_msgs/cmake/ament_cmake_export_targets-extras.cmake
[18.418s] -- Installing: /home/pi/Ros2_ackermann_robot/install/vesc_msgs/share/vesc_msgs/cmake/rosidl_cmake_export_typesupport_targets-extras.cmake
[18.418s] -- Installing: /home/pi/Ros2_ackermann_robot/install/vesc_msgs/share/vesc_msgs/cmake/rosidl_cmake_export_typesupport_libraries-extras.cmake
[18.419s] -- Installing: /home/pi/Ros2_ackermann_robot/install/vesc_msgs/share/vesc_msgs/cmake/vesc_msgsConfig.cmake
[18.419s] -- Installing: /home/pi/Ros2_ackermann_robot/install/vesc_msgs/share/vesc_msgs/cmake/vesc_msgsConfig-version.cmake
[18.419s] -- Installing: /home/pi/Ros2_ackermann_robot/install/vesc_msgs/share/vesc_msgs/package.xml
[18.423s] Invoked command in '/home/pi/Ros2_ackermann_robot/build/vesc_msgs' returned '0': CMAKE_PREFIX_PATH=${CMAKE_PREFIX_PATH}:/home/pi/Ros2_ackermann_robot/install/ackermann_hardware:/home/pi/Ros2_ackermann_robot/install/ackermann_teleop:/home/pi/ros2_ws/install/drive:/home/pi/ros2_ws/install/ackermann_vesc_adapter:/home/pi/ros2_ws/install/ackermann_teleop:/opt/ros/kilted DEBUGINFOD_URLS=https://debuginfod.ubuntu.com /usr/bin/cmake --install /home/pi/Ros2_ackermann_robot/build/vesc_msgs
