[0.034s] Invoking command in '/home/pi/Ros2_ackermann_robot/build/vesc_driver': CMAKE_PREFIX_PATH=/home/pi/Ros2_ackermann_robot/install/vesc_msgs:/home/pi/Ros2_ackermann_robot/install/vesc:/home/pi/Ros2_ackermann_robot/install/vesc_driver:/home/pi/Ros2_ackermann_robot/install/ackermann_gazebo:/home/pi/Ros2_ackermann_robot/install/ackermann_description:/home/pi/ros2_ws/install/vesc:/home/pi/ros2_ws/install/vesc_driver:/home/pi/ros2_ws/install/vesc_msgs:/home/pi/ros2_ws/install/gazebo_ackermann_steering_vehicle:/opt/ros/kilted/opt/gz_sim_vendor:/opt/ros/kilted/opt/gz_sensors_vendor:/opt/ros/kilted/opt/gz_physics_vendor:/opt/ros/kilted/opt/sdformat_vendor:/opt/ros/kilted/opt/gz_gui_vendor:/opt/ros/kilted/opt/gz_transport_vendor:/opt/ros/kilted/opt/gz_rendering_vendor:/opt/ros/kilted/opt/gz_plugin_vendor:/opt/ros/kilted/opt/gz_fuel_tools_vendor:/opt/ros/kilted/opt/gz_msgs_vendor:/opt/ros/kilted/opt/gz_common_vendor:/opt/ros/kilted/opt/gz_math_vendor:/opt/ros/kilted/opt/gz_utils_vendor:/opt/ros/kilted/opt/gz_tools_vendor:/opt/ros/kilted/opt/gz_ogre_next_vendor:/opt/ros/kilted/opt/gz_dartsim_vendor:/opt/ros/kilted/opt/gz_cmake_vendor:/home/pi/Ros2_ackermann_robot/install/ackermann_hardware:/home/pi/Ros2_ackermann_robot/install/ackermann_teleop:/home/pi/ros2_ws/install/drive:/home/pi/ros2_ws/install/ackermann_vesc_adapter:/home/pi/ros2_ws/install/ackermann_teleop:/opt/ros/kilted DEBUGINFOD_URLS=https://debuginfod.ubuntu.com LD_LIBRARY_PATH=/home/pi/Ros2_ackermann_robot/install/vesc_msgs/lib:/home/pi/Ros2_ackermann_robot/install/vesc_driver/lib:/home/pi/ros2_ws/install/vesc_driver/lib:/home/pi/ros2_ws/install/vesc_msgs/lib:/opt/ros/kilted/opt/zenoh_cpp_vendor/lib:/opt/ros/kilted/opt/gz_sim_vendor/lib:/opt/ros/kilted/opt/gz_sensors_vendor/lib:/opt/ros/kilted/opt/gz_physics_vendor/lib:/opt/ros/kilted/opt/sdformat_vendor/lib:/opt/ros/kilted/opt/gz_gui_vendor/lib:/opt/ros/kilted/opt/gz_transport_vendor/lib:/opt/ros/kilted/opt/gz_rendering_vendor/lib:/opt/ros/kilted/opt/gz_plugin_vendor/lib:/opt/ros/kilted/opt/gz_fuel_tools_vendor/lib:/opt/ros/kilted/opt/gz_msgs_vendor/lib:/opt/ros/kilted/opt/gz_common_vendor/lib:/opt/ros/kilted/opt/gz_math_vendor/lib:/opt/ros/kilted/opt/gz_utils_vendor/lib:/opt/ros/kilted/opt/rviz_ogre_vendor/lib:/opt/ros/kilted/lib/aarch64-linux-gnu:/opt/ros/kilted/opt/gz_tools_vendor/lib:/opt/ros/kilted/opt/gz_ogre_next_vendor/lib:/opt/ros/kilted/opt/gz_dartsim_vendor/lib:/opt/ros/kilted/opt/gz_cmake_vendor/lib:/opt/ros/kilted/lib PYTHONPATH=/home/pi/Ros2_ackermann_robot/install/vesc_msgs/lib/python3.12/site-packages:/home/pi/Ros2_ackermann_robot/install/ackermann_hardware/lib/python3.12/site-packages:/home/pi/Ros2_ackermann_robot/install/ackermann_teleop/lib/python3.12/site-packages:/home/pi/ros2_ws/install/vesc_msgs/lib/python3.12/site-packages:/home/pi/ros2_ws/install/drive/lib/python3.12/site-packages:/home/pi/ros2_ws/install/ackermann_vesc_adapter/lib/python3.12/site-packages:/home/pi/ros2_ws/install/ackermann_teleop/lib/python3.12/site-packages:/opt/ros/kilted/lib/python3.12/site-packages /usr/bin/cmake /home/pi/Ros2_ackermann_robot/src/vesc/vesc_driver -DCMAKE_INSTALL_PREFIX=/home/pi/Ros2_ackermann_robot/install/vesc_driver
[0.162s] -- The C compiler identification is GNU 13.3.0
[0.374s] -- The CXX compiler identification is GNU 13.3.0
[0.457s] -- Detecting C compiler ABI info
[0.674s] -- Detecting C compiler ABI info - done
[0.689s] -- Check for working C compiler: /usr/bin/cc - skipped
[0.689s] -- Detecting C compile features
[0.692s] -- Detecting C compile features - done
[0.706s] -- Detecting CXX compiler ABI info
[0.926s] -- Detecting CXX compiler ABI info - done
[0.941s] -- Check for working CXX compiler: /usr/bin/c++ - skipped
[0.942s] -- Detecting CXX compile features
[0.942s] -- Detecting CXX compile features - done
[0.951s] -- Found ament_cmake_auto: 2.7.3 (/opt/ros/kilted/share/ament_cmake_auto/cmake)
[1.273s] -- Found Python3: /usr/bin/python3 (found version "3.12.3") found components: Interpreter 
[1.808s] -- Found rosidl_generator_c: 4.9.5 (/opt/ros/kilted/share/rosidl_generator_c/cmake)
[1.845s] -- Found rosidl_generator_cpp: 4.9.5 (/opt/ros/kilted/share/rosidl_generator_cpp/cmake)
[1.882s] -- Using all available rosidl_typesupport_c: rosidl_typesupport_fastrtps_c;rosidl_typesupport_introspection_c
[1.922s] -- Using all available rosidl_typesupport_cpp: rosidl_typesupport_fastrtps_cpp;rosidl_typesupport_introspection_cpp
[2.085s] -- Found rmw_implementation_cmake: 7.8.2 (/opt/ros/kilted/share/rmw_implementation_cmake/cmake)
[2.099s] -- Found rmw_fastrtps_cpp: 9.3.3 (/opt/ros/kilted/share/rmw_fastrtps_cpp/cmake)
[2.297s] -- Found OpenSSL: /usr/lib/aarch64-linux-gnu/libcrypto.so (found version "3.0.13")  
[2.316s] -- Using RMW implementation 'rmw_fastrtps_cpp' as default
[2.661s] -- Found asio_cmake_module: 1.2.0 (/opt/ros/kilted/share/asio_cmake_module/cmake)
[2.663s] -- Found ASIO: /usr/include  
[2.767s] -- Performing Test CMAKE_HAVE_LIBC_PTHREAD
[2.957s] -- Performing Test CMAKE_HAVE_LIBC_PTHREAD - Success
[2.959s] -- Found Threads: TRUE  
[2.984s] -- Found ament_lint_auto: 0.19.2 (/opt/ros/kilted/share/ament_lint_auto/cmake)
[3.057s] -- Added test 'copyright' to check source files copyright and LICENSE
[3.060s] -- Added test 'cppcheck' to perform static code analysis on C / C++ code
[3.061s] -- Configured cppcheck include dirs: /home/pi/Ros2_ackermann_robot/src/vesc/vesc_driver/include
[3.061s] -- Configured cppcheck exclude dirs and/or files: 
[3.063s] -- Added test 'cpplint' to check C / C++ code against the Google style
[3.064s] -- Configured cpplint exclude dirs and/or files: 
[3.065s] -- Added test 'flake8' to check Python code syntax and style conventions
[3.065s] -- Configured 'flake8' exclude dirs and/or files: 
[3.067s] -- Added test 'lint_cmake' to check CMake code style
[3.068s] -- Added test 'pep257' to check Python code against some of the docstring style conventions in PEP 257
[3.071s] -- Added test 'uncrustify' to check C / C++ code style
[3.071s] -- Configured uncrustify additional arguments: 
[3.072s] -- Added test 'xmllint' to check XML markup files
[3.078s] -- Configuring done (3.0s)
[3.148s] -- Generating done (0.1s)
[3.160s] -- Build files have been written to: /home/pi/Ros2_ackermann_robot/build/vesc_driver
[3.181s] Invoked command in '/home/pi/Ros2_ackermann_robot/build/vesc_driver' returned '0': CMAKE_PREFIX_PATH=/home/pi/Ros2_ackermann_robot/install/vesc_msgs:/home/pi/Ros2_ackermann_robot/install/vesc:/home/pi/Ros2_ackermann_robot/install/vesc_driver:/home/pi/Ros2_ackermann_robot/install/ackermann_gazebo:/home/pi/Ros2_ackermann_robot/install/ackermann_description:/home/pi/ros2_ws/install/vesc:/home/pi/ros2_ws/install/vesc_driver:/home/pi/ros2_ws/install/vesc_msgs:/home/pi/ros2_ws/install/gazebo_ackermann_steering_vehicle:/opt/ros/kilted/opt/gz_sim_vendor:/opt/ros/kilted/opt/gz_sensors_vendor:/opt/ros/kilted/opt/gz_physics_vendor:/opt/ros/kilted/opt/sdformat_vendor:/opt/ros/kilted/opt/gz_gui_vendor:/opt/ros/kilted/opt/gz_transport_vendor:/opt/ros/kilted/opt/gz_rendering_vendor:/opt/ros/kilted/opt/gz_plugin_vendor:/opt/ros/kilted/opt/gz_fuel_tools_vendor:/opt/ros/kilted/opt/gz_msgs_vendor:/opt/ros/kilted/opt/gz_common_vendor:/opt/ros/kilted/opt/gz_math_vendor:/opt/ros/kilted/opt/gz_utils_vendor:/opt/ros/kilted/opt/gz_tools_vendor:/opt/ros/kilted/opt/gz_ogre_next_vendor:/opt/ros/kilted/opt/gz_dartsim_vendor:/opt/ros/kilted/opt/gz_cmake_vendor:/home/pi/Ros2_ackermann_robot/install/ackermann_hardware:/home/pi/Ros2_ackermann_robot/install/ackermann_teleop:/home/pi/ros2_ws/install/drive:/home/pi/ros2_ws/install/ackermann_vesc_adapter:/home/pi/ros2_ws/install/ackermann_teleop:/opt/ros/kilted DEBUGINFOD_URLS=https://debuginfod.ubuntu.com LD_LIBRARY_PATH=/home/pi/Ros2_ackermann_robot/install/vesc_msgs/lib:/home/pi/Ros2_ackermann_robot/install/vesc_driver/lib:/home/pi/ros2_ws/install/vesc_driver/lib:/home/pi/ros2_ws/install/vesc_msgs/lib:/opt/ros/kilted/opt/zenoh_cpp_vendor/lib:/opt/ros/kilted/opt/gz_sim_vendor/lib:/opt/ros/kilted/opt/gz_sensors_vendor/lib:/opt/ros/kilted/opt/gz_physics_vendor/lib:/opt/ros/kilted/opt/sdformat_vendor/lib:/opt/ros/kilted/opt/gz_gui_vendor/lib:/opt/ros/kilted/opt/gz_transport_vendor/lib:/opt/ros/kilted/opt/gz_rendering_vendor/lib:/opt/ros/kilted/opt/gz_plugin_vendor/lib:/opt/ros/kilted/opt/gz_fuel_tools_vendor/lib:/opt/ros/kilted/opt/gz_msgs_vendor/lib:/opt/ros/kilted/opt/gz_common_vendor/lib:/opt/ros/kilted/opt/gz_math_vendor/lib:/opt/ros/kilted/opt/gz_utils_vendor/lib:/opt/ros/kilted/opt/rviz_ogre_vendor/lib:/opt/ros/kilted/lib/aarch64-linux-gnu:/opt/ros/kilted/opt/gz_tools_vendor/lib:/opt/ros/kilted/opt/gz_ogre_next_vendor/lib:/opt/ros/kilted/opt/gz_dartsim_vendor/lib:/opt/ros/kilted/opt/gz_cmake_vendor/lib:/opt/ros/kilted/lib PYTHONPATH=/home/pi/Ros2_ackermann_robot/install/vesc_msgs/lib/python3.12/site-packages:/home/pi/Ros2_ackermann_robot/install/ackermann_hardware/lib/python3.12/site-packages:/home/pi/Ros2_ackermann_robot/install/ackermann_teleop/lib/python3.12/site-packages:/home/pi/ros2_ws/install/vesc_msgs/lib/python3.12/site-packages:/home/pi/ros2_ws/install/drive/lib/python3.12/site-packages:/home/pi/ros2_ws/install/ackermann_vesc_adapter/lib/python3.12/site-packages:/home/pi/ros2_ws/install/ackermann_teleop/lib/python3.12/site-packages:/opt/ros/kilted/lib/python3.12/site-packages /usr/bin/cmake /home/pi/Ros2_ackermann_robot/src/vesc/vesc_driver -DCMAKE_INSTALL_PREFIX=/home/pi/Ros2_ackermann_robot/install/vesc_driver
[3.183s] Invoking command in '/home/pi/Ros2_ackermann_robot/build/vesc_driver': CMAKE_PREFIX_PATH=/home/pi/Ros2_ackermann_robot/install/vesc_msgs:/home/pi/Ros2_ackermann_robot/install/vesc:/home/pi/Ros2_ackermann_robot/install/vesc_driver:/home/pi/Ros2_ackermann_robot/install/ackermann_gazebo:/home/pi/Ros2_ackermann_robot/install/ackermann_description:/home/pi/ros2_ws/install/vesc:/home/pi/ros2_ws/install/vesc_driver:/home/pi/ros2_ws/install/vesc_msgs:/home/pi/ros2_ws/install/gazebo_ackermann_steering_vehicle:/opt/ros/kilted/opt/gz_sim_vendor:/opt/ros/kilted/opt/gz_sensors_vendor:/opt/ros/kilted/opt/gz_physics_vendor:/opt/ros/kilted/opt/sdformat_vendor:/opt/ros/kilted/opt/gz_gui_vendor:/opt/ros/kilted/opt/gz_transport_vendor:/opt/ros/kilted/opt/gz_rendering_vendor:/opt/ros/kilted/opt/gz_plugin_vendor:/opt/ros/kilted/opt/gz_fuel_tools_vendor:/opt/ros/kilted/opt/gz_msgs_vendor:/opt/ros/kilted/opt/gz_common_vendor:/opt/ros/kilted/opt/gz_math_vendor:/opt/ros/kilted/opt/gz_utils_vendor:/opt/ros/kilted/opt/gz_tools_vendor:/opt/ros/kilted/opt/gz_ogre_next_vendor:/opt/ros/kilted/opt/gz_dartsim_vendor:/opt/ros/kilted/opt/gz_cmake_vendor:/home/pi/Ros2_ackermann_robot/install/ackermann_hardware:/home/pi/Ros2_ackermann_robot/install/ackermann_teleop:/home/pi/ros2_ws/install/drive:/home/pi/ros2_ws/install/ackermann_vesc_adapter:/home/pi/ros2_ws/install/ackermann_teleop:/opt/ros/kilted DEBUGINFOD_URLS=https://debuginfod.ubuntu.com LD_LIBRARY_PATH=/home/pi/Ros2_ackermann_robot/install/vesc_msgs/lib:/home/pi/Ros2_ackermann_robot/install/vesc_driver/lib:/home/pi/ros2_ws/install/vesc_driver/lib:/home/pi/ros2_ws/install/vesc_msgs/lib:/opt/ros/kilted/opt/zenoh_cpp_vendor/lib:/opt/ros/kilted/opt/gz_sim_vendor/lib:/opt/ros/kilted/opt/gz_sensors_vendor/lib:/opt/ros/kilted/opt/gz_physics_vendor/lib:/opt/ros/kilted/opt/sdformat_vendor/lib:/opt/ros/kilted/opt/gz_gui_vendor/lib:/opt/ros/kilted/opt/gz_transport_vendor/lib:/opt/ros/kilted/opt/gz_rendering_vendor/lib:/opt/ros/kilted/opt/gz_plugin_vendor/lib:/opt/ros/kilted/opt/gz_fuel_tools_vendor/lib:/opt/ros/kilted/opt/gz_msgs_vendor/lib:/opt/ros/kilted/opt/gz_common_vendor/lib:/opt/ros/kilted/opt/gz_math_vendor/lib:/opt/ros/kilted/opt/gz_utils_vendor/lib:/opt/ros/kilted/opt/rviz_ogre_vendor/lib:/opt/ros/kilted/lib/aarch64-linux-gnu:/opt/ros/kilted/opt/gz_tools_vendor/lib:/opt/ros/kilted/opt/gz_ogre_next_vendor/lib:/opt/ros/kilted/opt/gz_dartsim_vendor/lib:/opt/ros/kilted/opt/gz_cmake_vendor/lib:/opt/ros/kilted/lib PYTHONPATH=/home/pi/Ros2_ackermann_robot/install/vesc_msgs/lib/python3.12/site-packages:/home/pi/Ros2_ackermann_robot/install/ackermann_hardware/lib/python3.12/site-packages:/home/pi/Ros2_ackermann_robot/install/ackermann_teleop/lib/python3.12/site-packages:/home/pi/ros2_ws/install/vesc_msgs/lib/python3.12/site-packages:/home/pi/ros2_ws/install/drive/lib/python3.12/site-packages:/home/pi/ros2_ws/install/ackermann_vesc_adapter/lib/python3.12/site-packages:/home/pi/ros2_ws/install/ackermann_teleop/lib/python3.12/site-packages:/opt/ros/kilted/lib/python3.12/site-packages /usr/bin/cmake --build /home/pi/Ros2_ackermann_robot/build/vesc_driver -- -j4 -l4
[3.301s] [ 30%] [32mBuilding CXX object CMakeFiles/vesc_driver.dir/src/vesc_packet.cpp.o[0m
[3.301s] [ 30%] [32mBuilding CXX object CMakeFiles/vesc_driver.dir/src/vesc_driver.cpp.o[0m
[3.301s] [ 40%] [32mBuilding CXX object CMakeFiles/vesc_driver_node.dir/rclcpp_components/node_main_vesc_driver_node.cpp.o[0m
[3.301s] [ 40%] [32mBuilding CXX object CMakeFiles/vesc_driver.dir/src/vesc_interface.cpp.o[0m
[5.136s] [ 50%] [32mBuilding CXX object CMakeFiles/vesc_driver.dir/src/vesc_packet_factory.cpp.o[0m
[10.368s] [ 60%] [32m[1mLinking CXX executable vesc_driver_node[0m
[10.641s] [ 60%] Built target vesc_driver_node
[21.955s] [ 70%] [32m[1mLinking CXX shared library libvesc_driver.so[0m
[23.613s] [ 70%] Built target vesc_driver
[23.660s] [ 90%] [32mBuilding CXX object CMakeFiles/vesc_device_namer.dir/src/vesc_device_uuid_lookup.cpp.o[0m
[23.660s] [ 90%] [32mBuilding CXX object CMakeFiles/vesc_device_namer.dir/src/vesc_device_namer.cpp.o[0m
[24.930s] [100%] [32m[1mLinking CXX executable vesc_device_namer[0m
[26.016s] [100%] Built target vesc_device_namer
[26.041s] Invoked command in '/home/pi/Ros2_ackermann_robot/build/vesc_driver' returned '0': CMAKE_PREFIX_PATH=/home/pi/Ros2_ackermann_robot/install/vesc_msgs:/home/pi/Ros2_ackermann_robot/install/vesc:/home/pi/Ros2_ackermann_robot/install/vesc_driver:/home/pi/Ros2_ackermann_robot/install/ackermann_gazebo:/home/pi/Ros2_ackermann_robot/install/ackermann_description:/home/pi/ros2_ws/install/vesc:/home/pi/ros2_ws/install/vesc_driver:/home/pi/ros2_ws/install/vesc_msgs:/home/pi/ros2_ws/install/gazebo_ackermann_steering_vehicle:/opt/ros/kilted/opt/gz_sim_vendor:/opt/ros/kilted/opt/gz_sensors_vendor:/opt/ros/kilted/opt/gz_physics_vendor:/opt/ros/kilted/opt/sdformat_vendor:/opt/ros/kilted/opt/gz_gui_vendor:/opt/ros/kilted/opt/gz_transport_vendor:/opt/ros/kilted/opt/gz_rendering_vendor:/opt/ros/kilted/opt/gz_plugin_vendor:/opt/ros/kilted/opt/gz_fuel_tools_vendor:/opt/ros/kilted/opt/gz_msgs_vendor:/opt/ros/kilted/opt/gz_common_vendor:/opt/ros/kilted/opt/gz_math_vendor:/opt/ros/kilted/opt/gz_utils_vendor:/opt/ros/kilted/opt/gz_tools_vendor:/opt/ros/kilted/opt/gz_ogre_next_vendor:/opt/ros/kilted/opt/gz_dartsim_vendor:/opt/ros/kilted/opt/gz_cmake_vendor:/home/pi/Ros2_ackermann_robot/install/ackermann_hardware:/home/pi/Ros2_ackermann_robot/install/ackermann_teleop:/home/pi/ros2_ws/install/drive:/home/pi/ros2_ws/install/ackermann_vesc_adapter:/home/pi/ros2_ws/install/ackermann_teleop:/opt/ros/kilted DEBUGINFOD_URLS=https://debuginfod.ubuntu.com LD_LIBRARY_PATH=/home/pi/Ros2_ackermann_robot/install/vesc_msgs/lib:/home/pi/Ros2_ackermann_robot/install/vesc_driver/lib:/home/pi/ros2_ws/install/vesc_driver/lib:/home/pi/ros2_ws/install/vesc_msgs/lib:/opt/ros/kilted/opt/zenoh_cpp_vendor/lib:/opt/ros/kilted/opt/gz_sim_vendor/lib:/opt/ros/kilted/opt/gz_sensors_vendor/lib:/opt/ros/kilted/opt/gz_physics_vendor/lib:/opt/ros/kilted/opt/sdformat_vendor/lib:/opt/ros/kilted/opt/gz_gui_vendor/lib:/opt/ros/kilted/opt/gz_transport_vendor/lib:/opt/ros/kilted/opt/gz_rendering_vendor/lib:/opt/ros/kilted/opt/gz_plugin_vendor/lib:/opt/ros/kilted/opt/gz_fuel_tools_vendor/lib:/opt/ros/kilted/opt/gz_msgs_vendor/lib:/opt/ros/kilted/opt/gz_common_vendor/lib:/opt/ros/kilted/opt/gz_math_vendor/lib:/opt/ros/kilted/opt/gz_utils_vendor/lib:/opt/ros/kilted/opt/rviz_ogre_vendor/lib:/opt/ros/kilted/lib/aarch64-linux-gnu:/opt/ros/kilted/opt/gz_tools_vendor/lib:/opt/ros/kilted/opt/gz_ogre_next_vendor/lib:/opt/ros/kilted/opt/gz_dartsim_vendor/lib:/opt/ros/kilted/opt/gz_cmake_vendor/lib:/opt/ros/kilted/lib PYTHONPATH=/home/pi/Ros2_ackermann_robot/install/vesc_msgs/lib/python3.12/site-packages:/home/pi/Ros2_ackermann_robot/install/ackermann_hardware/lib/python3.12/site-packages:/home/pi/Ros2_ackermann_robot/install/ackermann_teleop/lib/python3.12/site-packages:/home/pi/ros2_ws/install/vesc_msgs/lib/python3.12/site-packages:/home/pi/ros2_ws/install/drive/lib/python3.12/site-packages:/home/pi/ros2_ws/install/ackermann_vesc_adapter/lib/python3.12/site-packages:/home/pi/ros2_ws/install/ackermann_teleop/lib/python3.12/site-packages:/opt/ros/kilted/lib/python3.12/site-packages /usr/bin/cmake --build /home/pi/Ros2_ackermann_robot/build/vesc_driver -- -j4 -l4
[26.043s] Invoking command in '/home/pi/Ros2_ackermann_robot/build/vesc_driver': CMAKE_PREFIX_PATH=/home/pi/Ros2_ackermann_robot/install/vesc_msgs:/home/pi/Ros2_ackermann_robot/install/vesc:/home/pi/Ros2_ackermann_robot/install/vesc_driver:/home/pi/Ros2_ackermann_robot/install/ackermann_gazebo:/home/pi/Ros2_ackermann_robot/install/ackermann_description:/home/pi/ros2_ws/install/vesc:/home/pi/ros2_ws/install/vesc_driver:/home/pi/ros2_ws/install/vesc_msgs:/home/pi/ros2_ws/install/gazebo_ackermann_steering_vehicle:/opt/ros/kilted/opt/gz_sim_vendor:/opt/ros/kilted/opt/gz_sensors_vendor:/opt/ros/kilted/opt/gz_physics_vendor:/opt/ros/kilted/opt/sdformat_vendor:/opt/ros/kilted/opt/gz_gui_vendor:/opt/ros/kilted/opt/gz_transport_vendor:/opt/ros/kilted/opt/gz_rendering_vendor:/opt/ros/kilted/opt/gz_plugin_vendor:/opt/ros/kilted/opt/gz_fuel_tools_vendor:/opt/ros/kilted/opt/gz_msgs_vendor:/opt/ros/kilted/opt/gz_common_vendor:/opt/ros/kilted/opt/gz_math_vendor:/opt/ros/kilted/opt/gz_utils_vendor:/opt/ros/kilted/opt/gz_tools_vendor:/opt/ros/kilted/opt/gz_ogre_next_vendor:/opt/ros/kilted/opt/gz_dartsim_vendor:/opt/ros/kilted/opt/gz_cmake_vendor:/home/pi/Ros2_ackermann_robot/install/ackermann_hardware:/home/pi/Ros2_ackermann_robot/install/ackermann_teleop:/home/pi/ros2_ws/install/drive:/home/pi/ros2_ws/install/ackermann_vesc_adapter:/home/pi/ros2_ws/install/ackermann_teleop:/opt/ros/kilted DEBUGINFOD_URLS=https://debuginfod.ubuntu.com LD_LIBRARY_PATH=/home/pi/Ros2_ackermann_robot/install/vesc_msgs/lib:/home/pi/Ros2_ackermann_robot/install/vesc_driver/lib:/home/pi/ros2_ws/install/vesc_driver/lib:/home/pi/ros2_ws/install/vesc_msgs/lib:/opt/ros/kilted/opt/zenoh_cpp_vendor/lib:/opt/ros/kilted/opt/gz_sim_vendor/lib:/opt/ros/kilted/opt/gz_sensors_vendor/lib:/opt/ros/kilted/opt/gz_physics_vendor/lib:/opt/ros/kilted/opt/sdformat_vendor/lib:/opt/ros/kilted/opt/gz_gui_vendor/lib:/opt/ros/kilted/opt/gz_transport_vendor/lib:/opt/ros/kilted/opt/gz_rendering_vendor/lib:/opt/ros/kilted/opt/gz_plugin_vendor/lib:/opt/ros/kilted/opt/gz_fuel_tools_vendor/lib:/opt/ros/kilted/opt/gz_msgs_vendor/lib:/opt/ros/kilted/opt/gz_common_vendor/lib:/opt/ros/kilted/opt/gz_math_vendor/lib:/opt/ros/kilted/opt/gz_utils_vendor/lib:/opt/ros/kilted/opt/rviz_ogre_vendor/lib:/opt/ros/kilted/lib/aarch64-linux-gnu:/opt/ros/kilted/opt/gz_tools_vendor/lib:/opt/ros/kilted/opt/gz_ogre_next_vendor/lib:/opt/ros/kilted/opt/gz_dartsim_vendor/lib:/opt/ros/kilted/opt/gz_cmake_vendor/lib:/opt/ros/kilted/lib PYTHONPATH=/home/pi/Ros2_ackermann_robot/install/vesc_msgs/lib/python3.12/site-packages:/home/pi/Ros2_ackermann_robot/install/ackermann_hardware/lib/python3.12/site-packages:/home/pi/Ros2_ackermann_robot/install/ackermann_teleop/lib/python3.12/site-packages:/home/pi/ros2_ws/install/vesc_msgs/lib/python3.12/site-packages:/home/pi/ros2_ws/install/drive/lib/python3.12/site-packages:/home/pi/ros2_ws/install/ackermann_vesc_adapter/lib/python3.12/site-packages:/home/pi/ros2_ws/install/ackermann_teleop/lib/python3.12/site-packages:/opt/ros/kilted/lib/python3.12/site-packages /usr/bin/cmake --install /home/pi/Ros2_ackermann_robot/build/vesc_driver
[26.062s] -- Install configuration: ""
[26.062s] -- Installing: /home/pi/Ros2_ackermann_robot/install/vesc_driver/lib/vesc_driver/vesc_driver_node
[26.063s] -- Set non-toolchain portion of runtime path of "/home/pi/Ros2_ackermann_robot/install/vesc_driver/lib/vesc_driver/vesc_driver_node" to ""
[26.063s] -- Installing: /home/pi/Ros2_ackermann_robot/install/vesc_driver/include/vesc_driver
[26.064s] -- Installing: /home/pi/Ros2_ackermann_robot/install/vesc_driver/include/vesc_driver/vesc_driver
[26.065s] -- Installing: /home/pi/Ros2_ackermann_robot/install/vesc_driver/include/vesc_driver/vesc_driver/vesc_device_uuid_lookup.hpp
[26.065s] -- Installing: /home/pi/Ros2_ackermann_robot/install/vesc_driver/include/vesc_driver/vesc_driver/crc.hpp
[26.065s] -- Installing: /home/pi/Ros2_ackermann_robot/install/vesc_driver/include/vesc_driver/vesc_driver/vesc_packet_factory.hpp
[26.065s] -- Installing: /home/pi/Ros2_ackermann_robot/install/vesc_driver/include/vesc_driver/vesc_driver/vesc_interface.hpp
[26.065s] -- Installing: /home/pi/Ros2_ackermann_robot/install/vesc_driver/include/vesc_driver/vesc_driver/datatypes.hpp
[26.066s] -- Installing: /home/pi/Ros2_ackermann_robot/install/vesc_driver/include/vesc_driver/vesc_driver/vesc_packet.hpp
[26.066s] -- Installing: /home/pi/Ros2_ackermann_robot/install/vesc_driver/include/vesc_driver/vesc_driver/vesc_driver.hpp
[26.066s] -- Installing: /home/pi/Ros2_ackermann_robot/install/vesc_driver/share/vesc_driver/environment/library_path.sh
[26.066s] -- Installing: /home/pi/Ros2_ackermann_robot/install/vesc_driver/share/vesc_driver/environment/library_path.dsv
[26.066s] -- Installing: /home/pi/Ros2_ackermann_robot/install/vesc_driver/lib/libvesc_driver.so
[26.081s] -- Set non-toolchain portion of runtime path of "/home/pi/Ros2_ackermann_robot/install/vesc_driver/lib/libvesc_driver.so" to ""
[26.081s] -- Installing: /home/pi/Ros2_ackermann_robot/install/vesc_driver/lib/vesc_driver/vesc_device_namer
[26.082s] -- Set non-toolchain portion of runtime path of "/home/pi/Ros2_ackermann_robot/install/vesc_driver/lib/vesc_driver/vesc_device_namer" to ""
[26.082s] -- Installing: /home/pi/Ros2_ackermann_robot/install/vesc_driver/share/vesc_driver/launch
[26.082s] -- Installing: /home/pi/Ros2_ackermann_robot/install/vesc_driver/share/vesc_driver/launch/vesc_driver_node.launch.py
[26.083s] -- Installing: /home/pi/Ros2_ackermann_robot/install/vesc_driver/share/vesc_driver/params
[26.083s] -- Installing: /home/pi/Ros2_ackermann_robot/install/vesc_driver/share/vesc_driver/params/vesc_config.yaml
[26.083s] -- Installing: /home/pi/Ros2_ackermann_robot/install/vesc_driver/share/ament_index/resource_index/package_run_dependencies/vesc_driver
[26.084s] -- Installing: /home/pi/Ros2_ackermann_robot/install/vesc_driver/share/ament_index/resource_index/parent_prefix_path/vesc_driver
[26.084s] -- Installing: /home/pi/Ros2_ackermann_robot/install/vesc_driver/share/vesc_driver/environment/ament_prefix_path.sh
[26.084s] -- Installing: /home/pi/Ros2_ackermann_robot/install/vesc_driver/share/vesc_driver/environment/ament_prefix_path.dsv
[26.084s] -- Installing: /home/pi/Ros2_ackermann_robot/install/vesc_driver/share/vesc_driver/environment/path.sh
[26.084s] -- Installing: /home/pi/Ros2_ackermann_robot/install/vesc_driver/share/vesc_driver/environment/path.dsv
[26.084s] -- Installing: /home/pi/Ros2_ackermann_robot/install/vesc_driver/share/vesc_driver/local_setup.bash
[26.085s] -- Installing: /home/pi/Ros2_ackermann_robot/install/vesc_driver/share/vesc_driver/local_setup.sh
[26.085s] -- Installing: /home/pi/Ros2_ackermann_robot/install/vesc_driver/share/vesc_driver/local_setup.zsh
[26.085s] -- Installing: /home/pi/Ros2_ackermann_robot/install/vesc_driver/share/vesc_driver/local_setup.dsv
[26.085s] -- Installing: /home/pi/Ros2_ackermann_robot/install/vesc_driver/share/vesc_driver/package.dsv
[26.085s] -- Installing: /home/pi/Ros2_ackermann_robot/install/vesc_driver/share/ament_index/resource_index/packages/vesc_driver
[26.086s] -- Installing: /home/pi/Ros2_ackermann_robot/install/vesc_driver/share/ament_index/resource_index/rclcpp_components/vesc_driver
[26.086s] -- Installing: /home/pi/Ros2_ackermann_robot/install/vesc_driver/share/vesc_driver/cmake/ament_cmake_export_dependencies-extras.cmake
[26.086s] -- Installing: /home/pi/Ros2_ackermann_robot/install/vesc_driver/share/vesc_driver/cmake/ament_cmake_export_include_directories-extras.cmake
[26.086s] -- Installing: /home/pi/Ros2_ackermann_robot/install/vesc_driver/share/vesc_driver/cmake/ament_cmake_export_libraries-extras.cmake
[26.086s] -- Installing: /home/pi/Ros2_ackermann_robot/install/vesc_driver/share/vesc_driver/cmake/vesc_driverConfig.cmake
[26.086s] -- Installing: /home/pi/Ros2_ackermann_robot/install/vesc_driver/share/vesc_driver/cmake/vesc_driverConfig-version.cmake
[26.087s] -- Installing: /home/pi/Ros2_ackermann_robot/install/vesc_driver/share/vesc_driver/package.xml
[26.093s] Invoked command in '/home/pi/Ros2_ackermann_robot/build/vesc_driver' returned '0': CMAKE_PREFIX_PATH=/home/pi/Ros2_ackermann_robot/install/vesc_msgs:/home/pi/Ros2_ackermann_robot/install/vesc:/home/pi/Ros2_ackermann_robot/install/vesc_driver:/home/pi/Ros2_ackermann_robot/install/ackermann_gazebo:/home/pi/Ros2_ackermann_robot/install/ackermann_description:/home/pi/ros2_ws/install/vesc:/home/pi/ros2_ws/install/vesc_driver:/home/pi/ros2_ws/install/vesc_msgs:/home/pi/ros2_ws/install/gazebo_ackermann_steering_vehicle:/opt/ros/kilted/opt/gz_sim_vendor:/opt/ros/kilted/opt/gz_sensors_vendor:/opt/ros/kilted/opt/gz_physics_vendor:/opt/ros/kilted/opt/sdformat_vendor:/opt/ros/kilted/opt/gz_gui_vendor:/opt/ros/kilted/opt/gz_transport_vendor:/opt/ros/kilted/opt/gz_rendering_vendor:/opt/ros/kilted/opt/gz_plugin_vendor:/opt/ros/kilted/opt/gz_fuel_tools_vendor:/opt/ros/kilted/opt/gz_msgs_vendor:/opt/ros/kilted/opt/gz_common_vendor:/opt/ros/kilted/opt/gz_math_vendor:/opt/ros/kilted/opt/gz_utils_vendor:/opt/ros/kilted/opt/gz_tools_vendor:/opt/ros/kilted/opt/gz_ogre_next_vendor:/opt/ros/kilted/opt/gz_dartsim_vendor:/opt/ros/kilted/opt/gz_cmake_vendor:/home/pi/Ros2_ackermann_robot/install/ackermann_hardware:/home/pi/Ros2_ackermann_robot/install/ackermann_teleop:/home/pi/ros2_ws/install/drive:/home/pi/ros2_ws/install/ackermann_vesc_adapter:/home/pi/ros2_ws/install/ackermann_teleop:/opt/ros/kilted DEBUGINFOD_URLS=https://debuginfod.ubuntu.com LD_LIBRARY_PATH=/home/pi/Ros2_ackermann_robot/install/vesc_msgs/lib:/home/pi/Ros2_ackermann_robot/install/vesc_driver/lib:/home/pi/ros2_ws/install/vesc_driver/lib:/home/pi/ros2_ws/install/vesc_msgs/lib:/opt/ros/kilted/opt/zenoh_cpp_vendor/lib:/opt/ros/kilted/opt/gz_sim_vendor/lib:/opt/ros/kilted/opt/gz_sensors_vendor/lib:/opt/ros/kilted/opt/gz_physics_vendor/lib:/opt/ros/kilted/opt/sdformat_vendor/lib:/opt/ros/kilted/opt/gz_gui_vendor/lib:/opt/ros/kilted/opt/gz_transport_vendor/lib:/opt/ros/kilted/opt/gz_rendering_vendor/lib:/opt/ros/kilted/opt/gz_plugin_vendor/lib:/opt/ros/kilted/opt/gz_fuel_tools_vendor/lib:/opt/ros/kilted/opt/gz_msgs_vendor/lib:/opt/ros/kilted/opt/gz_common_vendor/lib:/opt/ros/kilted/opt/gz_math_vendor/lib:/opt/ros/kilted/opt/gz_utils_vendor/lib:/opt/ros/kilted/opt/rviz_ogre_vendor/lib:/opt/ros/kilted/lib/aarch64-linux-gnu:/opt/ros/kilted/opt/gz_tools_vendor/lib:/opt/ros/kilted/opt/gz_ogre_next_vendor/lib:/opt/ros/kilted/opt/gz_dartsim_vendor/lib:/opt/ros/kilted/opt/gz_cmake_vendor/lib:/opt/ros/kilted/lib PYTHONPATH=/home/pi/Ros2_ackermann_robot/install/vesc_msgs/lib/python3.12/site-packages:/home/pi/Ros2_ackermann_robot/install/ackermann_hardware/lib/python3.12/site-packages:/home/pi/Ros2_ackermann_robot/install/ackermann_teleop/lib/python3.12/site-packages:/home/pi/ros2_ws/install/vesc_msgs/lib/python3.12/site-packages:/home/pi/ros2_ws/install/drive/lib/python3.12/site-packages:/home/pi/ros2_ws/install/ackermann_vesc_adapter/lib/python3.12/site-packages:/home/pi/ros2_ws/install/ackermann_teleop/lib/python3.12/site-packages:/opt/ros/kilted/lib/python3.12/site-packages /usr/bin/cmake --install /home/pi/Ros2_ackermann_robot/build/vesc_driver
