[0.034s] Invoking command in '/home/pi/Ros2_ackermann_robot/build/ackermann_gazebo': CMAKE_PREFIX_PATH=${CMAKE_PREFIX_PATH}:/home/pi/Ros2_ackermann_robot/install/ackermann_hardware:/home/pi/Ros2_ackermann_robot/install/ackermann_teleop:/home/pi/ros2_ws/install/drive:/home/pi/ros2_ws/install/ackermann_vesc_adapter:/home/pi/ros2_ws/install/ackermann_teleop:/opt/ros/kilted DEBUGINFOD_URLS=https://debuginfod.ubuntu.com /usr/bin/cmake /home/pi/Ros2_ackermann_robot/src/ackermann_gazebo -DCMAKE_INSTALL_PREFIX=/home/pi/Ros2_ackermann_robot/install/ackermann_gazebo
[0.211s] -- The C compiler identification is GNU 13.3.0
[0.384s] -- The CXX compiler identification is GNU 13.3.0
[0.439s] -- Detecting C compiler ABI info
[0.788s] -- Detecting C compiler ABI info - done
[0.813s] -- Check for working C compiler: /usr/bin/cc - skipped
[0.814s] -- Detecting C compile features
[0.816s] -- Detecting C compile features - done
[0.838s] -- Detecting CXX compiler ABI info
[1.243s] -- Detecting CXX compiler ABI info - done
[1.272s] -- Check for working CXX compiler: /usr/bin/c++ - skipped
[1.273s] -- Detecting CXX compile features
[1.274s] -- Detecting CXX compile features - done
[1.288s] -- Found ament_cmake: 2.7.3 (/opt/ros/kilted/share/ament_cmake/cmake)
[1.775s] -- Found Python3: /usr/bin/python3 (found version "3.12.3") found components: Interpreter 
[2.122s] -- Found rclcpp: 29.5.3 (/opt/ros/kilted/share/rclcpp/cmake)
[2.242s] -- Found rosidl_generator_c: 4.9.5 (/opt/ros/kilted/share/rosidl_generator_c/cmake)
[2.289s] -- Found rosidl_generator_cpp: 4.9.5 (/opt/ros/kilted/share/rosidl_generator_cpp/cmake)
[2.357s] -- Using all available rosidl_typesupport_c: rosidl_typesupport_fastrtps_c;rosidl_typesupport_introspection_c
[2.421s] -- Using all available rosidl_typesupport_cpp: rosidl_typesupport_fastrtps_cpp;rosidl_typesupport_introspection_cpp
[2.686s] -- Found rmw_implementation_cmake: 7.8.2 (/opt/ros/kilted/share/rmw_implementation_cmake/cmake)
[2.703s] -- Found rmw_fastrtps_cpp: 9.3.3 (/opt/ros/kilted/share/rmw_fastrtps_cpp/cmake)
[2.951s] -- Found OpenSSL: /usr/lib/aarch64-linux-gnu/libcrypto.so (found version "3.0.13")  
[2.982s] -- Using RMW implementation 'rmw_fastrtps_cpp' as default
[3.231s] -- Found std_msgs: 5.5.1 (/opt/ros/kilted/share/std_msgs/cmake)
[3.258s] -- Found sensor_msgs: 5.5.1 (/opt/ros/kilted/share/sensor_msgs/cmake)
[3.339s] -- Found ros_gz_sim: 2.1.12 (/opt/ros/kilted/share/ros_gz_sim/cmake)
[3.705s] -- Found ros_gz_bridge: 2.1.12 (/opt/ros/kilted/share/ros_gz_bridge/cmake)
[3.779s] -- Looking for gz-msgs11 -- found version 11.1.0
[3.807s] -- Searching for dependencies of gz-msgs11
[4.047s] -- Found Protobuf: /usr/lib/aarch64-linux-gnu/libprotobuf.so (found version "3.21.12") 
[4.053s] -- Looking for gz-utils3 -- found version 3.1.1
[4.053s] -- Searching for dependencies of gz-utils3
[4.055s] -- Searching for <gz-utils3> component [cli]
[4.061s] -- Looking for gz-utils3-cli -- found version 3.1.1
[4.061s] -- Searching for dependencies of gz-utils3-cli
[4.068s] -- Looking for gz-math8 -- found version 8.2.0
[4.068s] -- Searching for dependencies of gz-math8
[4.069s] -- Looking for gz-utils3 -- found version 3.1.1
[4.083s] -- Checking for module 'tinyxml2'
[4.119s] --   Found tinyxml2, version 10.0.0
[4.221s] -- Looking for gz-transport14 -- found version 14.2.0
[4.221s] -- Searching for dependencies of gz-transport14
[4.269s] -- Config-file not installed for ZeroMQ -- checking for pkg-config
[4.277s] -- Checking for module 'libzmq >= 4'
[4.312s] --   Found libzmq, version 4.3.5
[4.404s] -- Found ZeroMQ: TRUE (Required is at least version "4") 
[4.419s] -- Checking for module 'uuid'
[4.452s] --   Found uuid, version 2.39.3
[4.533s] -- Found UUID: TRUE  
[4.534s] -- Looking for gz-utils3 -- found version 3.1.1
[4.534s] -- Looking for gz-msgs11 -- found version 11.1.0
[4.834s] -- Found ament_lint_auto: 0.19.2 (/opt/ros/kilted/share/ament_lint_auto/cmake)
[5.083s] -- Added test 'flake8' to check Python code syntax and style conventions
[5.084s] -- Configured 'flake8' exclude dirs and/or files: 
[5.086s] -- Added test 'lint_cmake' to check CMake code style
[5.087s] -- Added test 'pep257' to check Python code against some of the docstring style conventions in PEP 257
[5.092s] -- Added test 'xmllint' to check XML markup files
[5.097s] -- Configuring done (5.0s)
[5.111s] -- Generating done (0.0s)
[5.116s] -- Build files have been written to: /home/pi/Ros2_ackermann_robot/build/ackermann_gazebo
[5.146s] Invoked command in '/home/pi/Ros2_ackermann_robot/build/ackermann_gazebo' returned '0': CMAKE_PREFIX_PATH=${CMAKE_PREFIX_PATH}:/home/pi/Ros2_ackermann_robot/install/ackermann_hardware:/home/pi/Ros2_ackermann_robot/install/ackermann_teleop:/home/pi/ros2_ws/install/drive:/home/pi/ros2_ws/install/ackermann_vesc_adapter:/home/pi/ros2_ws/install/ackermann_teleop:/opt/ros/kilted DEBUGINFOD_URLS=https://debuginfod.ubuntu.com /usr/bin/cmake /home/pi/Ros2_ackermann_robot/src/ackermann_gazebo -DCMAKE_INSTALL_PREFIX=/home/pi/Ros2_ackermann_robot/install/ackermann_gazebo
[5.148s] Invoking command in '/home/pi/Ros2_ackermann_robot/build/ackermann_gazebo': CMAKE_PREFIX_PATH=${CMAKE_PREFIX_PATH}:/home/pi/Ros2_ackermann_robot/install/ackermann_hardware:/home/pi/Ros2_ackermann_robot/install/ackermann_teleop:/home/pi/ros2_ws/install/drive:/home/pi/ros2_ws/install/ackermann_vesc_adapter:/home/pi/ros2_ws/install/ackermann_teleop:/opt/ros/kilted DEBUGINFOD_URLS=https://debuginfod.ubuntu.com /usr/bin/cmake --build /home/pi/Ros2_ackermann_robot/build/ackermann_gazebo -- -j4 -l4
[5.243s] Invoked command in '/home/pi/Ros2_ackermann_robot/build/ackermann_gazebo' returned '0': CMAKE_PREFIX_PATH=${CMAKE_PREFIX_PATH}:/home/pi/Ros2_ackermann_robot/install/ackermann_hardware:/home/pi/Ros2_ackermann_robot/install/ackermann_teleop:/home/pi/ros2_ws/install/drive:/home/pi/ros2_ws/install/ackermann_vesc_adapter:/home/pi/ros2_ws/install/ackermann_teleop:/opt/ros/kilted DEBUGINFOD_URLS=https://debuginfod.ubuntu.com /usr/bin/cmake --build /home/pi/Ros2_ackermann_robot/build/ackermann_gazebo -- -j4 -l4
[5.246s] Invoking command in '/home/pi/Ros2_ackermann_robot/build/ackermann_gazebo': CMAKE_PREFIX_PATH=${CMAKE_PREFIX_PATH}:/home/pi/Ros2_ackermann_robot/install/ackermann_hardware:/home/pi/Ros2_ackermann_robot/install/ackermann_teleop:/home/pi/ros2_ws/install/drive:/home/pi/ros2_ws/install/ackermann_vesc_adapter:/home/pi/ros2_ws/install/ackermann_teleop:/opt/ros/kilted DEBUGINFOD_URLS=https://debuginfod.ubuntu.com /usr/bin/cmake --install /home/pi/Ros2_ackermann_robot/build/ackermann_gazebo
[5.264s] -- Install configuration: ""
[5.264s] -- Installing: /home/pi/Ros2_ackermann_robot/install/ackermann_gazebo/share/ackermann_gazebo/launch
[5.264s] -- Installing: /home/pi/Ros2_ackermann_robot/install/ackermann_gazebo/share/ackermann_gazebo/launch/navigation.launch.py
[5.264s] -- Installing: /home/pi/Ros2_ackermann_robot/install/ackermann_gazebo/share/ackermann_gazebo/launch/robot.launch.py
[5.264s] -- Installing: /home/pi/Ros2_ackermann_robot/install/ackermann_gazebo/share/ackermann_gazebo/config
[5.264s] -- Installing: /home/pi/Ros2_ackermann_robot/install/ackermann_gazebo/share/ackermann_gazebo/config/ros_gz_bridge.yaml
[5.265s] -- Installing: /home/pi/Ros2_ackermann_robot/install/ackermann_gazebo/share/ackermann_gazebo/config/gz_ros2_control.yaml
[5.265s] -- Installing: /home/pi/Ros2_ackermann_robot/install/ackermann_gazebo/share/ackermann_gazebo/config/robot_params.yaml
[5.265s] -- Installing: /home/pi/Ros2_ackermann_robot/install/ackermann_gazebo/share/ackermann_gazebo/config/nav2_params.yaml
[5.265s] -- Installing: /home/pi/Ros2_ackermann_robot/install/ackermann_gazebo/share/ackermann_gazebo/config/mapper_params_online_async.yaml
[5.265s] -- Installing: /home/pi/Ros2_ackermann_robot/install/ackermann_gazebo/share/ackermann_gazebo/worlds
[5.265s] -- Installing: /home/pi/Ros2_ackermann_robot/install/ackermann_gazebo/share/ackermann_gazebo/worlds/lab.sdf
[5.266s] -- Installing: /home/pi/Ros2_ackermann_robot/install/ackermann_gazebo/share/ament_index/resource_index/package_run_dependencies/ackermann_gazebo
[5.266s] -- Installing: /home/pi/Ros2_ackermann_robot/install/ackermann_gazebo/share/ament_index/resource_index/parent_prefix_path/ackermann_gazebo
[5.266s] -- Installing: /home/pi/Ros2_ackermann_robot/install/ackermann_gazebo/share/ackermann_gazebo/environment/ament_prefix_path.sh
[5.267s] -- Installing: /home/pi/Ros2_ackermann_robot/install/ackermann_gazebo/share/ackermann_gazebo/environment/ament_prefix_path.dsv
[5.267s] -- Installing: /home/pi/Ros2_ackermann_robot/install/ackermann_gazebo/share/ackermann_gazebo/environment/path.sh
[5.267s] -- Installing: /home/pi/Ros2_ackermann_robot/install/ackermann_gazebo/share/ackermann_gazebo/environment/path.dsv
[5.267s] -- Installing: /home/pi/Ros2_ackermann_robot/install/ackermann_gazebo/share/ackermann_gazebo/local_setup.bash
[5.268s] -- Installing: /home/pi/Ros2_ackermann_robot/install/ackermann_gazebo/share/ackermann_gazebo/local_setup.sh
[5.268s] -- Installing: /home/pi/Ros2_ackermann_robot/install/ackermann_gazebo/share/ackermann_gazebo/local_setup.zsh
[5.268s] -- Installing: /home/pi/Ros2_ackermann_robot/install/ackermann_gazebo/share/ackermann_gazebo/local_setup.dsv
[5.268s] -- Installing: /home/pi/Ros2_ackermann_robot/install/ackermann_gazebo/share/ackermann_gazebo/package.dsv
[5.269s] -- Installing: /home/pi/Ros2_ackermann_robot/install/ackermann_gazebo/share/ament_index/resource_index/packages/ackermann_gazebo
[5.269s] -- Installing: /home/pi/Ros2_ackermann_robot/install/ackermann_gazebo/share/ackermann_gazebo/cmake/ackermann_gazeboConfig.cmake
[5.269s] -- Installing: /home/pi/Ros2_ackermann_robot/install/ackermann_gazebo/share/ackermann_gazebo/cmake/ackermann_gazeboConfig-version.cmake
[5.269s] -- Installing: /home/pi/Ros2_ackermann_robot/install/ackermann_gazebo/share/ackermann_gazebo/package.xml
[5.274s] Invoked command in '/home/pi/Ros2_ackermann_robot/build/ackermann_gazebo' returned '0': CMAKE_PREFIX_PATH=${CMAKE_PREFIX_PATH}:/home/pi/Ros2_ackermann_robot/install/ackermann_hardware:/home/pi/Ros2_ackermann_robot/install/ackermann_teleop:/home/pi/ros2_ws/install/drive:/home/pi/ros2_ws/install/ackermann_vesc_adapter:/home/pi/ros2_ws/install/ackermann_teleop:/opt/ros/kilted DEBUGINFOD_URLS=https://debuginfod.ubuntu.com /usr/bin/cmake --install /home/pi/Ros2_ackermann_robot/build/ackermann_gazebo
