[0.042s] Invoking command in '/home/pi/Ros2_ackermann_robot/build/ackermann_description': CMAKE_PREFIX_PATH=${CMAKE_PREFIX_PATH}:/home/pi/Ros2_ackermann_robot/install/ackermann_hardware:/home/pi/Ros2_ackermann_robot/install/ackermann_teleop:/home/pi/ros2_ws/install/drive:/home/pi/ros2_ws/install/ackermann_vesc_adapter:/home/pi/ros2_ws/install/ackermann_teleop:/opt/ros/kilted DEBUGINFOD_URLS=https://debuginfod.ubuntu.com /usr/bin/cmake /home/pi/Ros2_ackermann_robot/src/ackermann_description -DCMAKE_INSTALL_PREFIX=/home/pi/Ros2_ackermann_robot/install/ackermann_description
[0.270s] -- The C compiler identification is GNU 13.3.0
[0.496s] -- The CXX compiler identification is GNU 13.3.0
[0.584s] -- Detecting C compiler ABI info
[1.031s] -- Detecting C compiler ABI info - done
[1.056s] -- Check for working C compiler: /usr/bin/cc - skipped
[1.062s] -- Detecting C compile features
[1.063s] -- Detecting C compile features - done
[1.085s] -- Detecting CXX compiler ABI info
[1.390s] -- Detecting CXX compiler ABI info - done
[1.413s] -- Check for working CXX compiler: /usr/bin/c++ - skipped
[1.414s] -- Detecting CXX compile features
[1.416s] -- Detecting CXX compile features - done
[1.426s] -- Found ament_cmake: 2.7.3 (/opt/ros/kilted/share/ament_cmake/cmake)
[1.915s] -- Found Python3: /usr/bin/python3 (found version "3.12.3") found components: Interpreter 
[2.224s] -- Found ament_lint_auto: 0.19.2 (/opt/ros/kilted/share/ament_lint_auto/cmake)
[2.566s] -- Added test 'lint_cmake' to check CMake code style
[2.571s] -- Added test 'xmllint' to check XML markup files
[2.576s] -- Configuring done (2.5s)
[2.585s] -- Generating done (0.0s)
[2.592s] -- Build files have been written to: /home/pi/Ros2_ackermann_robot/build/ackermann_description
[2.607s] Invoked command in '/home/pi/Ros2_ackermann_robot/build/ackermann_description' returned '0': CMAKE_PREFIX_PATH=${CMAKE_PREFIX_PATH}:/home/pi/Ros2_ackermann_robot/install/ackermann_hardware:/home/pi/Ros2_ackermann_robot/install/ackermann_teleop:/home/pi/ros2_ws/install/drive:/home/pi/ros2_ws/install/ackermann_vesc_adapter:/home/pi/ros2_ws/install/ackermann_teleop:/opt/ros/kilted DEBUGINFOD_URLS=https://debuginfod.ubuntu.com /usr/bin/cmake /home/pi/Ros2_ackermann_robot/src/ackermann_description -DCMAKE_INSTALL_PREFIX=/home/pi/Ros2_ackermann_robot/install/ackermann_description
[2.608s] Invoking command in '/home/pi/Ros2_ackermann_robot/build/ackermann_description': CMAKE_PREFIX_PATH=${CMAKE_PREFIX_PATH}:/home/pi/Ros2_ackermann_robot/install/ackermann_hardware:/home/pi/Ros2_ackermann_robot/install/ackermann_teleop:/home/pi/ros2_ws/install/drive:/home/pi/ros2_ws/install/ackermann_vesc_adapter:/home/pi/ros2_ws/install/ackermann_teleop:/opt/ros/kilted DEBUGINFOD_URLS=https://debuginfod.ubuntu.com /usr/bin/cmake --build /home/pi/Ros2_ackermann_robot/build/ackermann_description -- -j4 -l4
[2.714s] Invoked command in '/home/pi/Ros2_ackermann_robot/build/ackermann_description' returned '0': CMAKE_PREFIX_PATH=${CMAKE_PREFIX_PATH}:/home/pi/Ros2_ackermann_robot/install/ackermann_hardware:/home/pi/Ros2_ackermann_robot/install/ackermann_teleop:/home/pi/ros2_ws/install/drive:/home/pi/ros2_ws/install/ackermann_vesc_adapter:/home/pi/ros2_ws/install/ackermann_teleop:/opt/ros/kilted DEBUGINFOD_URLS=https://debuginfod.ubuntu.com /usr/bin/cmake --build /home/pi/Ros2_ackermann_robot/build/ackermann_description -- -j4 -l4
[2.745s] Invoking command in '/home/pi/Ros2_ackermann_robot/build/ackermann_description': CMAKE_PREFIX_PATH=${CMAKE_PREFIX_PATH}:/home/pi/Ros2_ackermann_robot/install/ackermann_hardware:/home/pi/Ros2_ackermann_robot/install/ackermann_teleop:/home/pi/ros2_ws/install/drive:/home/pi/ros2_ws/install/ackermann_vesc_adapter:/home/pi/ros2_ws/install/ackermann_teleop:/opt/ros/kilted DEBUGINFOD_URLS=https://debuginfod.ubuntu.com /usr/bin/cmake --install /home/pi/Ros2_ackermann_robot/build/ackermann_description
[2.772s] -- Install configuration: ""
[2.773s] -- Installing: /home/pi/Ros2_ackermann_robot/install/ackermann_description/share/ackermann_description/urdf
[2.773s] -- Installing: /home/pi/Ros2_ackermann_robot/install/ackermann_description/share/ackermann_description/urdf/robot.xacro
[2.773s] -- Installing: /home/pi/Ros2_ackermann_robot/install/ackermann_description/share/ackermann_description/urdf/gz_ackermann_core.xacro
[2.774s] -- Installing: /home/pi/Ros2_ackermann_robot/install/ackermann_description/share/ackermann_description/urdf/vehicle.urdf.xacro
[2.775s] -- Installing: /home/pi/Ros2_ackermann_robot/install/ackermann_description/share/ament_index/resource_index/package_run_dependencies/ackermann_description
[2.778s] -- Installing: /home/pi/Ros2_ackermann_robot/install/ackermann_description/share/ament_index/resource_index/parent_prefix_path/ackermann_description
[2.779s] -- Installing: /home/pi/Ros2_ackermann_robot/install/ackermann_description/share/ackermann_description/environment/ament_prefix_path.sh
[2.779s] -- Installing: /home/pi/Ros2_ackermann_robot/install/ackermann_description/share/ackermann_description/environment/ament_prefix_path.dsv
[2.780s] -- Installing: /home/pi/Ros2_ackermann_robot/install/ackermann_description/share/ackermann_description/environment/path.sh
[2.780s] -- Installing: /home/pi/Ros2_ackermann_robot/install/ackermann_description/share/ackermann_description/environment/path.dsv
[2.780s] -- Installing: /home/pi/Ros2_ackermann_robot/install/ackermann_description/share/ackermann_description/local_setup.bash
[2.780s] -- Installing: /home/pi/Ros2_ackermann_robot/install/ackermann_description/share/ackermann_description/local_setup.sh
[2.780s] -- Installing: /home/pi/Ros2_ackermann_robot/install/ackermann_description/share/ackermann_description/local_setup.zsh
[2.780s] -- Installing: /home/pi/Ros2_ackermann_robot/install/ackermann_description/share/ackermann_description/local_setup.dsv
[2.780s] -- Installing: /home/pi/Ros2_ackermann_robot/install/ackermann_description/share/ackermann_description/package.dsv
[2.791s] -- Installing: /home/pi/Ros2_ackermann_robot/install/ackermann_description/share/ament_index/resource_index/packages/ackermann_description
[2.791s] -- Installing: /home/pi/Ros2_ackermann_robot/install/ackermann_description/share/ackermann_description/cmake/ackermann_descriptionConfig.cmake
[2.792s] -- Installing: /home/pi/Ros2_ackermann_robot/install/ackermann_description/share/ackermann_description/cmake/ackermann_descriptionConfig-version.cmake
[2.792s] -- Installing: /home/pi/Ros2_ackermann_robot/install/ackermann_description/share/ackermann_description/package.xml
[2.792s] Invoked command in '/home/pi/Ros2_ackermann_robot/build/ackermann_description' returned '0': CMAKE_PREFIX_PATH=${CMAKE_PREFIX_PATH}:/home/pi/Ros2_ackermann_robot/install/ackermann_hardware:/home/pi/Ros2_ackermann_robot/install/ackermann_teleop:/home/pi/ros2_ws/install/drive:/home/pi/ros2_ws/install/ackermann_vesc_adapter:/home/pi/ros2_ws/install/ackermann_teleop:/opt/ros/kilted DEBUGINFOD_URLS=https://debuginfod.ubuntu.com /usr/bin/cmake --install /home/pi/Ros2_ackermann_robot/build/ackermann_description
