[0.038s] Invoking command in '/home/pi/Ros2_ackermann_robot/build/ackermann_gazebo': CMAKE_PREFIX_PATH=${CMAKE_PREFIX_PATH}:/home/pi/Ros2_ackermann_robot/install/ackermann_hardware:/home/pi/Ros2_ackermann_robot/install/ackermann_teleop:/home/pi/ros2_ws/install/drive:/home/pi/ros2_ws/install/ackermann_vesc_adapter:/home/pi/ros2_ws/install/ackermann_teleop:/opt/ros/kilted DEBUGINFOD_URLS=https://debuginfod.ubuntu.com /usr/bin/cmake /home/pi/Ros2_ackermann_robot/src/ackermann_gazebo -DCMAKE_INSTALL_PREFIX=/home/pi/Ros2_ackermann_robot/install/ackermann_gazebo
[0.262s] -- The C compiler identification is GNU 13.3.0
[0.489s] -- The CXX compiler identification is GNU 13.3.0
[0.564s] -- Detecting C compiler ABI info
[1.006s] -- Detecting C compiler ABI info - done
[1.023s] -- Check for working C compiler: /usr/bin/cc - skipped
[1.024s] -- Detecting C compile features
[1.024s] -- Detecting C compile features - done
[1.043s] -- Detecting CXX compiler ABI info
[1.345s] -- Detecting CXX compiler ABI info - done
[1.363s] -- Check for working CXX compiler: /usr/bin/c++ - skipped
[1.364s] -- Detecting CXX compile features
[1.365s] -- Detecting CXX compile features - done
[1.374s] -- Found ament_cmake: 2.7.3 (/opt/ros/kilted/share/ament_cmake/cmake)
[1.847s] -- Found Python3: /usr/bin/python3 (found version "3.12.3") found components: Interpreter 
[2.159s] -- Found rclcpp: 29.5.3 (/opt/ros/kilted/share/rclcpp/cmake)
[2.261s] -- Found rosidl_generator_c: 4.9.5 (/opt/ros/kilted/share/rosidl_generator_c/cmake)
[2.311s] -- Found rosidl_generator_cpp: 4.9.5 (/opt/ros/kilted/share/rosidl_generator_cpp/cmake)
[2.365s] -- Using all available rosidl_typesupport_c: rosidl_typesupport_fastrtps_c;rosidl_typesupport_introspection_c
[2.424s] -- Using all available rosidl_typesupport_cpp: rosidl_typesupport_fastrtps_cpp;rosidl_typesupport_introspection_cpp
[2.610s] -- Found rmw_implementation_cmake: 7.8.2 (/opt/ros/kilted/share/rmw_implementation_cmake/cmake)
[2.623s] -- Found rmw_fastrtps_cpp: 9.3.3 (/opt/ros/kilted/share/rmw_fastrtps_cpp/cmake)
[2.883s] -- Found OpenSSL: /usr/lib/aarch64-linux-gnu/libcrypto.so (found version "3.0.13")  
[2.904s] -- Using RMW implementation 'rmw_fastrtps_cpp' as default
[3.058s] -- Found std_msgs: 5.5.1 (/opt/ros/kilted/share/std_msgs/cmake)
[3.086s] -- Found sensor_msgs: 5.5.1 (/opt/ros/kilted/share/sensor_msgs/cmake)
[3.164s] -- Found ros_gz_sim: 2.1.12 (/opt/ros/kilted/share/ros_gz_sim/cmake)
[3.430s] -- Found ros_gz_bridge: 2.1.12 (/opt/ros/kilted/share/ros_gz_bridge/cmake)
[3.494s] -- Looking for gz-msgs11 -- found version 11.1.0
[3.515s] -- Searching for dependencies of gz-msgs11
[3.804s] -- Found Protobuf: /usr/lib/aarch64-linux-gnu/libprotobuf.so (found version "3.21.12") 
[3.810s] -- Looking for gz-utils3 -- found version 3.1.1
[3.810s] -- Searching for dependencies of gz-utils3
[3.811s] -- Searching for <gz-utils3> component [cli]
[3.816s] -- Looking for gz-utils3-cli -- found version 3.1.1
[3.816s] -- Searching for dependencies of gz-utils3-cli
[3.824s] -- Looking for gz-math8 -- found version 8.2.0
[3.825s] -- Searching for dependencies of gz-math8
[3.826s] -- Looking for gz-utils3 -- found version 3.1.1
[3.837s] -- Checking for module 'tinyxml2'
[3.870s] --   Found tinyxml2, version 10.0.0
[3.966s] -- Looking for gz-transport14 -- found version 14.2.0
[3.966s] -- Searching for dependencies of gz-transport14
[4.010s] -- Config-file not installed for ZeroMQ -- checking for pkg-config
[4.019s] -- Checking for module 'libzmq >= 4'
[4.050s] --   Found libzmq, version 4.3.5
[4.144s] -- Found ZeroMQ: TRUE (Required is at least version "4") 
[4.155s] -- Checking for module 'uuid'
[4.188s] --   Found uuid, version 2.39.3
[4.270s] -- Found UUID: TRUE  
[4.271s] -- Looking for gz-utils3 -- found version 3.1.1
[4.271s] -- Looking for gz-msgs11 -- found version 11.1.0
[4.514s] -- Found ament_lint_auto: 0.19.2 (/opt/ros/kilted/share/ament_lint_auto/cmake)
[4.764s] -- Added test 'flake8' to check Python code syntax and style conventions
[4.764s] -- Configured 'flake8' exclude dirs and/or files: 
[4.766s] -- Added test 'lint_cmake' to check CMake code style
[4.768s] -- Added test 'pep257' to check Python code against some of the docstring style conventions in PEP 257
[4.772s] -- Added test 'xmllint' to check XML markup files
[4.776s] -- Configuring done (4.7s)
[4.786s] -- Generating done (0.0s)
[4.792s] -- Build files have been written to: /home/pi/Ros2_ackermann_robot/build/ackermann_gazebo
[4.827s] Invoked command in '/home/pi/Ros2_ackermann_robot/build/ackermann_gazebo' returned '0': CMAKE_PREFIX_PATH=${CMAKE_PREFIX_PATH}:/home/pi/Ros2_ackermann_robot/install/ackermann_hardware:/home/pi/Ros2_ackermann_robot/install/ackermann_teleop:/home/pi/ros2_ws/install/drive:/home/pi/ros2_ws/install/ackermann_vesc_adapter:/home/pi/ros2_ws/install/ackermann_teleop:/opt/ros/kilted DEBUGINFOD_URLS=https://debuginfod.ubuntu.com /usr/bin/cmake /home/pi/Ros2_ackermann_robot/src/ackermann_gazebo -DCMAKE_INSTALL_PREFIX=/home/pi/Ros2_ackermann_robot/install/ackermann_gazebo
[4.828s] Invoking command in '/home/pi/Ros2_ackermann_robot/build/ackermann_gazebo': CMAKE_PREFIX_PATH=${CMAKE_PREFIX_PATH}:/home/pi/Ros2_ackermann_robot/install/ackermann_hardware:/home/pi/Ros2_ackermann_robot/install/ackermann_teleop:/home/pi/ros2_ws/install/drive:/home/pi/ros2_ws/install/ackermann_vesc_adapter:/home/pi/ros2_ws/install/ackermann_teleop:/opt/ros/kilted DEBUGINFOD_URLS=https://debuginfod.ubuntu.com /usr/bin/cmake --build /home/pi/Ros2_ackermann_robot/build/ackermann_gazebo -- -j4 -l4
[4.926s] Invoked command in '/home/pi/Ros2_ackermann_robot/build/ackermann_gazebo' returned '0': CMAKE_PREFIX_PATH=${CMAKE_PREFIX_PATH}:/home/pi/Ros2_ackermann_robot/install/ackermann_hardware:/home/pi/Ros2_ackermann_robot/install/ackermann_teleop:/home/pi/ros2_ws/install/drive:/home/pi/ros2_ws/install/ackermann_vesc_adapter:/home/pi/ros2_ws/install/ackermann_teleop:/opt/ros/kilted DEBUGINFOD_URLS=https://debuginfod.ubuntu.com /usr/bin/cmake --build /home/pi/Ros2_ackermann_robot/build/ackermann_gazebo -- -j4 -l4
[4.928s] Invoking command in '/home/pi/Ros2_ackermann_robot/build/ackermann_gazebo': CMAKE_PREFIX_PATH=${CMAKE_PREFIX_PATH}:/home/pi/Ros2_ackermann_robot/install/ackermann_hardware:/home/pi/Ros2_ackermann_robot/install/ackermann_teleop:/home/pi/ros2_ws/install/drive:/home/pi/ros2_ws/install/ackermann_vesc_adapter:/home/pi/ros2_ws/install/ackermann_teleop:/opt/ros/kilted DEBUGINFOD_URLS=https://debuginfod.ubuntu.com /usr/bin/cmake --install /home/pi/Ros2_ackermann_robot/build/ackermann_gazebo
[4.945s] -- Install configuration: ""
[4.945s] -- Installing: /home/pi/Ros2_ackermann_robot/install/ackermann_gazebo/share/ackermann_gazebo/launch
[4.946s] -- Installing: /home/pi/Ros2_ackermann_robot/install/ackermann_gazebo/share/ackermann_gazebo/launch/navigation.launch.py
[4.946s] -- Installing: /home/pi/Ros2_ackermann_robot/install/ackermann_gazebo/share/ackermann_gazebo/launch/robot.launch.py
[4.946s] -- Installing: /home/pi/Ros2_ackermann_robot/install/ackermann_gazebo/share/ackermann_gazebo/config
[4.946s] -- Installing: /home/pi/Ros2_ackermann_robot/install/ackermann_gazebo/share/ackermann_gazebo/config/ros_gz_bridge.yaml
[4.946s] -- Installing: /home/pi/Ros2_ackermann_robot/install/ackermann_gazebo/share/ackermann_gazebo/config/gz_ros2_control.yaml
[4.947s] -- Installing: /home/pi/Ros2_ackermann_robot/install/ackermann_gazebo/share/ackermann_gazebo/config/robot_params.yaml
[4.947s] -- Installing: /home/pi/Ros2_ackermann_robot/install/ackermann_gazebo/share/ackermann_gazebo/config/nav2_params.yaml
[4.947s] -- Installing: /home/pi/Ros2_ackermann_robot/install/ackermann_gazebo/share/ackermann_gazebo/config/mapper_params_online_async.yaml
[4.947s] -- Installing: /home/pi/Ros2_ackermann_robot/install/ackermann_gazebo/share/ackermann_gazebo/worlds
[4.947s] -- Installing: /home/pi/Ros2_ackermann_robot/install/ackermann_gazebo/share/ackermann_gazebo/worlds/lab.sdf
[4.947s] -- Installing: /home/pi/Ros2_ackermann_robot/install/ackermann_gazebo/share/ament_index/resource_index/package_run_dependencies/ackermann_gazebo
[4.947s] -- Installing: /home/pi/Ros2_ackermann_robot/install/ackermann_gazebo/share/ament_index/resource_index/parent_prefix_path/ackermann_gazebo
[4.947s] -- Installing: /home/pi/Ros2_ackermann_robot/install/ackermann_gazebo/share/ackermann_gazebo/environment/ament_prefix_path.sh
[4.947s] -- Installing: /home/pi/Ros2_ackermann_robot/install/ackermann_gazebo/share/ackermann_gazebo/environment/ament_prefix_path.dsv
[4.948s] -- Installing: /home/pi/Ros2_ackermann_robot/install/ackermann_gazebo/share/ackermann_gazebo/environment/path.sh
[4.948s] -- Installing: /home/pi/Ros2_ackermann_robot/install/ackermann_gazebo/share/ackermann_gazebo/environment/path.dsv
[4.948s] -- Installing: /home/pi/Ros2_ackermann_robot/install/ackermann_gazebo/share/ackermann_gazebo/local_setup.bash
[4.948s] -- Installing: /home/pi/Ros2_ackermann_robot/install/ackermann_gazebo/share/ackermann_gazebo/local_setup.sh
[4.948s] -- Installing: /home/pi/Ros2_ackermann_robot/install/ackermann_gazebo/share/ackermann_gazebo/local_setup.zsh
[4.948s] -- Installing: /home/pi/Ros2_ackermann_robot/install/ackermann_gazebo/share/ackermann_gazebo/local_setup.dsv
[4.949s] -- Installing: /home/pi/Ros2_ackermann_robot/install/ackermann_gazebo/share/ackermann_gazebo/package.dsv
[4.949s] -- Installing: /home/pi/Ros2_ackermann_robot/install/ackermann_gazebo/share/ament_index/resource_index/packages/ackermann_gazebo
[4.949s] -- Installing: /home/pi/Ros2_ackermann_robot/install/ackermann_gazebo/share/ackermann_gazebo/cmake/ackermann_gazeboConfig.cmake
[4.949s] -- Installing: /home/pi/Ros2_ackermann_robot/install/ackermann_gazebo/share/ackermann_gazebo/cmake/ackermann_gazeboConfig-version.cmake
[4.949s] -- Installing: /home/pi/Ros2_ackermann_robot/install/ackermann_gazebo/share/ackermann_gazebo/package.xml
[4.953s] Invoked command in '/home/pi/Ros2_ackermann_robot/build/ackermann_gazebo' returned '0': CMAKE_PREFIX_PATH=${CMAKE_PREFIX_PATH}:/home/pi/Ros2_ackermann_robot/install/ackermann_hardware:/home/pi/Ros2_ackermann_robot/install/ackermann_teleop:/home/pi/ros2_ws/install/drive:/home/pi/ros2_ws/install/ackermann_vesc_adapter:/home/pi/ros2_ws/install/ackermann_teleop:/opt/ros/kilted DEBUGINFOD_URLS=https://debuginfod.ubuntu.com /usr/bin/cmake --install /home/pi/Ros2_ackermann_robot/build/ackermann_gazebo
