[1.816s] Invoking command in '/home/pi/Ros2_ackermann_robot/src/ackermann_hardware': CMAKE_PREFIX_PATH=/home/pi/Ros2_ackermann_robot/install/vesc_msgs:/home/pi/Ros2_ackermann_robot/install/vesc:/home/pi/Ros2_ackermann_robot/install/vesc_driver:/home/pi/Ros2_ackermann_robot/install/ackermann_gazebo:/home/pi/Ros2_ackermann_robot/install/ackermann_description:/home/pi/ros2_ws/install/vesc:/home/pi/ros2_ws/install/vesc_driver:/home/pi/ros2_ws/install/vesc_msgs:/home/pi/ros2_ws/install/gazebo_ackermann_steering_vehicle:/opt/ros/kilted/opt/gz_sim_vendor:/opt/ros/kilted/opt/gz_sensors_vendor:/opt/ros/kilted/opt/gz_physics_vendor:/opt/ros/kilted/opt/sdformat_vendor:/opt/ros/kilted/opt/gz_gui_vendor:/opt/ros/kilted/opt/gz_transport_vendor:/opt/ros/kilted/opt/gz_rendering_vendor:/opt/ros/kilted/opt/gz_plugin_vendor:/opt/ros/kilted/opt/gz_fuel_tools_vendor:/opt/ros/kilted/opt/gz_msgs_vendor:/opt/ros/kilted/opt/gz_common_vendor:/opt/ros/kilted/opt/gz_math_vendor:/opt/ros/kilted/opt/gz_utils_vendor:/opt/ros/kilted/opt/gz_tools_vendor:/opt/ros/kilted/opt/gz_ogre_next_vendor:/opt/ros/kilted/opt/gz_dartsim_vendor:/opt/ros/kilted/opt/gz_cmake_vendor DEBUGINFOD_URLS=https://debuginfod.ubuntu.com LD_LIBRARY_PATH=/home/pi/Ros2_ackermann_robot/install/vesc_msgs/lib:/home/pi/Ros2_ackermann_robot/install/vesc_driver/lib:/home/pi/ros2_ws/install/vesc_driver/lib:/home/pi/ros2_ws/install/vesc_msgs/lib:/opt/ros/kilted/opt/zenoh_cpp_vendor/lib:/opt/ros/kilted/opt/gz_sim_vendor/lib:/opt/ros/kilted/opt/gz_sensors_vendor/lib:/opt/ros/kilted/opt/gz_physics_vendor/lib:/opt/ros/kilted/opt/sdformat_vendor/lib:/opt/ros/kilted/opt/gz_gui_vendor/lib:/opt/ros/kilted/opt/gz_transport_vendor/lib:/opt/ros/kilted/opt/gz_rendering_vendor/lib:/opt/ros/kilted/opt/gz_plugin_vendor/lib:/opt/ros/kilted/opt/gz_fuel_tools_vendor/lib:/opt/ros/kilted/opt/gz_msgs_vendor/lib:/opt/ros/kilted/opt/gz_common_vendor/lib:/opt/ros/kilted/opt/gz_math_vendor/lib:/opt/ros/kilted/opt/gz_utils_vendor/lib:/opt/ros/kilted/opt/rviz_ogre_vendor/lib:/opt/ros/kilted/lib/aarch64-linux-gnu:/opt/ros/kilted/opt/gz_tools_vendor/lib:/opt/ros/kilted/opt/gz_ogre_next_vendor/lib:/opt/ros/kilted/opt/gz_dartsim_vendor/lib:/opt/ros/kilted/opt/gz_cmake_vendor/lib:/opt/ros/kilted/lib PYTHONPATH=/home/pi/Ros2_ackermann_robot/build/ackermann_hardware/prefix_override:/usr/lib/python3/dist-packages/colcon_core/task/python/colcon_distutils_commands:/home/pi/Ros2_ackermann_robot/install/ackermann_hardware/lib/python3.12/site-packages:/home/pi/Ros2_ackermann_robot/install/vesc_msgs/lib/python3.12/site-packages:/home/pi/Ros2_ackermann_robot/install/ackermann_hardware/lib/python3.12/site-packages:/home/pi/Ros2_ackermann_robot/install/ackermann_teleop/lib/python3.12/site-packages:/home/pi/ros2_ws/install/vesc_msgs/lib/python3.12/site-packages:/home/pi/ros2_ws/install/drive/lib/python3.12/site-packages:/home/pi/ros2_ws/install/ackermann_vesc_adapter/lib/python3.12/site-packages:/home/pi/ros2_ws/install/ackermann_teleop/lib/python3.12/site-packages:/opt/ros/kilted/lib/python3.12/site-packages /usr/bin/python3 -W ignore:setup.py install is deprecated -W ignore:easy_install command is deprecated setup.py egg_info --egg-base ../../build/ackermann_hardware build --build-base /home/pi/Ros2_ackermann_robot/build/ackermann_hardware/build install --record /home/pi/Ros2_ackermann_robot/build/ackermann_hardware/install.log --single-version-externally-managed install_data
[2.250s] running egg_info
[2.251s] creating ../../build/ackermann_hardware/ackermann_hardware.egg-info
[2.302s] writing ../../build/ackermann_hardware/ackermann_hardware.egg-info/PKG-INFO
[2.302s] writing dependency_links to ../../build/ackermann_hardware/ackermann_hardware.egg-info/dependency_links.txt
[2.311s] writing entry points to ../../build/ackermann_hardware/ackermann_hardware.egg-info/entry_points.txt
[2.311s] writing requirements to ../../build/ackermann_hardware/ackermann_hardware.egg-info/requires.txt
[2.312s] writing top-level names to ../../build/ackermann_hardware/ackermann_hardware.egg-info/top_level.txt
[2.312s] writing manifest file '../../build/ackermann_hardware/ackermann_hardware.egg-info/SOURCES.txt'
[2.390s] reading manifest file '../../build/ackermann_hardware/ackermann_hardware.egg-info/SOURCES.txt'
[2.393s] writing manifest file '../../build/ackermann_hardware/ackermann_hardware.egg-info/SOURCES.txt'
[2.393s] running build
[2.394s] running build_py
[2.394s] creating /home/pi/Ros2_ackermann_robot/build/ackermann_hardware/build
[2.394s] creating /home/pi/Ros2_ackermann_robot/build/ackermann_hardware/build/lib
[2.394s] creating /home/pi/Ros2_ackermann_robot/build/ackermann_hardware/build/lib/ackermann_hardware
[2.394s] copying ackermann_hardware/__init__.py -> /home/pi/Ros2_ackermann_robot/build/ackermann_hardware/build/lib/ackermann_hardware
[2.394s] copying ackermann_hardware/joint_states.py -> /home/pi/Ros2_ackermann_robot/build/ackermann_hardware/build/lib/ackermann_hardware
[2.394s] copying ackermann_hardware/ackermann_to_vesc.py -> /home/pi/Ros2_ackermann_robot/build/ackermann_hardware/build/lib/ackermann_hardware
[2.394s] running install
[2.410s] running install_lib
[2.452s] creating /home/pi/Ros2_ackermann_robot/install/ackermann_hardware/lib/python3.12/site-packages/ackermann_hardware
[2.453s] copying /home/pi/Ros2_ackermann_robot/build/ackermann_hardware/build/lib/ackermann_hardware/__init__.py -> /home/pi/Ros2_ackermann_robot/install/ackermann_hardware/lib/python3.12/site-packages/ackermann_hardware
[2.453s] copying /home/pi/Ros2_ackermann_robot/build/ackermann_hardware/build/lib/ackermann_hardware/joint_states.py -> /home/pi/Ros2_ackermann_robot/install/ackermann_hardware/lib/python3.12/site-packages/ackermann_hardware
[2.453s] copying /home/pi/Ros2_ackermann_robot/build/ackermann_hardware/build/lib/ackermann_hardware/ackermann_to_vesc.py -> /home/pi/Ros2_ackermann_robot/install/ackermann_hardware/lib/python3.12/site-packages/ackermann_hardware
[2.458s] byte-compiling /home/pi/Ros2_ackermann_robot/install/ackermann_hardware/lib/python3.12/site-packages/ackermann_hardware/__init__.py to __init__.cpython-312.pyc
[2.458s] byte-compiling /home/pi/Ros2_ackermann_robot/install/ackermann_hardware/lib/python3.12/site-packages/ackermann_hardware/joint_states.py to joint_states.cpython-312.pyc
[2.458s] byte-compiling /home/pi/Ros2_ackermann_robot/install/ackermann_hardware/lib/python3.12/site-packages/ackermann_hardware/ackermann_to_vesc.py to ackermann_to_vesc.cpython-312.pyc
[2.459s] running install_data
[2.460s] creating /home/pi/Ros2_ackermann_robot/install/ackermann_hardware/share/ament_index
[2.460s] creating /home/pi/Ros2_ackermann_robot/install/ackermann_hardware/share/ament_index/resource_index
[2.460s] creating /home/pi/Ros2_ackermann_robot/install/ackermann_hardware/share/ament_index/resource_index/packages
[2.460s] copying resource/ackermann_hardware -> /home/pi/Ros2_ackermann_robot/install/ackermann_hardware/share/ament_index/resource_index/packages
[2.460s] copying package.xml -> /home/pi/Ros2_ackermann_robot/install/ackermann_hardware/share/ackermann_hardware
[2.461s] creating /home/pi/Ros2_ackermann_robot/install/ackermann_hardware/share/ackermann_hardware/launch
[2.461s] running install_egg_info
[2.502s] Copying ../../build/ackermann_hardware/ackermann_hardware.egg-info to /home/pi/Ros2_ackermann_robot/install/ackermann_hardware/lib/python3.12/site-packages/ackermann_hardware-0.0.0-py3.12.egg-info
[2.505s] running install_scripts
[2.800s] Installing ackermann_to_vesc script to /home/pi/Ros2_ackermann_robot/install/ackermann_hardware/lib/ackermann_hardware
[2.801s] Installing joint_states script to /home/pi/Ros2_ackermann_robot/install/ackermann_hardware/lib/ackermann_hardware
[2.803s] writing list of installed files to '/home/pi/Ros2_ackermann_robot/build/ackermann_hardware/install.log'
[2.916s] Invoked command in '/home/pi/Ros2_ackermann_robot/src/ackermann_hardware' returned '0': CMAKE_PREFIX_PATH=/home/pi/Ros2_ackermann_robot/install/vesc_msgs:/home/pi/Ros2_ackermann_robot/install/vesc:/home/pi/Ros2_ackermann_robot/install/vesc_driver:/home/pi/Ros2_ackermann_robot/install/ackermann_gazebo:/home/pi/Ros2_ackermann_robot/install/ackermann_description:/home/pi/ros2_ws/install/vesc:/home/pi/ros2_ws/install/vesc_driver:/home/pi/ros2_ws/install/vesc_msgs:/home/pi/ros2_ws/install/gazebo_ackermann_steering_vehicle:/opt/ros/kilted/opt/gz_sim_vendor:/opt/ros/kilted/opt/gz_sensors_vendor:/opt/ros/kilted/opt/gz_physics_vendor:/opt/ros/kilted/opt/sdformat_vendor:/opt/ros/kilted/opt/gz_gui_vendor:/opt/ros/kilted/opt/gz_transport_vendor:/opt/ros/kilted/opt/gz_rendering_vendor:/opt/ros/kilted/opt/gz_plugin_vendor:/opt/ros/kilted/opt/gz_fuel_tools_vendor:/opt/ros/kilted/opt/gz_msgs_vendor:/opt/ros/kilted/opt/gz_common_vendor:/opt/ros/kilted/opt/gz_math_vendor:/opt/ros/kilted/opt/gz_utils_vendor:/opt/ros/kilted/opt/gz_tools_vendor:/opt/ros/kilted/opt/gz_ogre_next_vendor:/opt/ros/kilted/opt/gz_dartsim_vendor:/opt/ros/kilted/opt/gz_cmake_vendor DEBUGINFOD_URLS=https://debuginfod.ubuntu.com LD_LIBRARY_PATH=/home/pi/Ros2_ackermann_robot/install/vesc_msgs/lib:/home/pi/Ros2_ackermann_robot/install/vesc_driver/lib:/home/pi/ros2_ws/install/vesc_driver/lib:/home/pi/ros2_ws/install/vesc_msgs/lib:/opt/ros/kilted/opt/zenoh_cpp_vendor/lib:/opt/ros/kilted/opt/gz_sim_vendor/lib:/opt/ros/kilted/opt/gz_sensors_vendor/lib:/opt/ros/kilted/opt/gz_physics_vendor/lib:/opt/ros/kilted/opt/sdformat_vendor/lib:/opt/ros/kilted/opt/gz_gui_vendor/lib:/opt/ros/kilted/opt/gz_transport_vendor/lib:/opt/ros/kilted/opt/gz_rendering_vendor/lib:/opt/ros/kilted/opt/gz_plugin_vendor/lib:/opt/ros/kilted/opt/gz_fuel_tools_vendor/lib:/opt/ros/kilted/opt/gz_msgs_vendor/lib:/opt/ros/kilted/opt/gz_common_vendor/lib:/opt/ros/kilted/opt/gz_math_vendor/lib:/opt/ros/kilted/opt/gz_utils_vendor/lib:/opt/ros/kilted/opt/rviz_ogre_vendor/lib:/opt/ros/kilted/lib/aarch64-linux-gnu:/opt/ros/kilted/opt/gz_tools_vendor/lib:/opt/ros/kilted/opt/gz_ogre_next_vendor/lib:/opt/ros/kilted/opt/gz_dartsim_vendor/lib:/opt/ros/kilted/opt/gz_cmake_vendor/lib:/opt/ros/kilted/lib PYTHONPATH=/home/pi/Ros2_ackermann_robot/build/ackermann_hardware/prefix_override:/usr/lib/python3/dist-packages/colcon_core/task/python/colcon_distutils_commands:/home/pi/Ros2_ackermann_robot/install/ackermann_hardware/lib/python3.12/site-packages:/home/pi/Ros2_ackermann_robot/install/vesc_msgs/lib/python3.12/site-packages:/home/pi/Ros2_ackermann_robot/install/ackermann_hardware/lib/python3.12/site-packages:/home/pi/Ros2_ackermann_robot/install/ackermann_teleop/lib/python3.12/site-packages:/home/pi/ros2_ws/install/vesc_msgs/lib/python3.12/site-packages:/home/pi/ros2_ws/install/drive/lib/python3.12/site-packages:/home/pi/ros2_ws/install/ackermann_vesc_adapter/lib/python3.12/site-packages:/home/pi/ros2_ws/install/ackermann_teleop/lib/python3.12/site-packages:/opt/ros/kilted/lib/python3.12/site-packages /usr/bin/python3 -W ignore:setup.py install is deprecated -W ignore:easy_install command is deprecated setup.py egg_info --egg-base ../../build/ackermann_hardware build --build-base /home/pi/Ros2_ackermann_robot/build/ackermann_hardware/build install --record /home/pi/Ros2_ackermann_robot/build/ackermann_hardware/install.log --single-version-externally-managed install_data
